开始准备...准备完成！开始运行
开始准备...准备完成！开始运行
第0次上一次的目标位置为:[224,740]
上一次的跳跃距离为:0.000000
棋子与上次偏差为:0.000000
修正数为:0.000000
修正后的k:3.098567

棋子位置为:[224,740]
目标位置为:[526,566]
跳跃距离为:348.412661
转换系数k为:2.457484
跳完！第1次上一次的目标位置为:[510,730]
上一次的跳跃距离为:348.412661
棋子与上次偏差为:-29.032517
修正数为:-0.083328
修正后的k:2.374156

棋子位置为:[536,716]
目标位置为:[240,575]
跳跃距离为:313.354705
转换系数k为:2.515114
跳完！开始准备...准备完成！开始运行
第0次上一次的目标位置为:[492,720]
上一次的跳跃距离为:0.000000
棋子与上次偏差为:-19.867118
修正数为:0.000000
修正后的k:3.098567

棋子位置为:[472,712]
目标位置为:[257,585]
跳跃距离为:251.186592
转换系数k为:2.625752
跳完！第1次开始准备...准备完成！开始运行
第0次上一次的目标位置为:[224,740]
上一次的跳跃距离为:0.000000
棋子与上次偏差为:0.000000
修正数为:0.000000
修正后的k:3.098567

棋子位置为:[224,740]
目标位置为:[526,566]
跳跃距离为:348.412661
转换系数k为:2.374156
跳完！第1次上一次的目标位置为:[468,706]
上一次的跳跃距离为:348.412661
棋子与上次偏差为:-7.789103
修正数为:-0.022356
修正后的k:2.351800

棋子位置为:[476,703]
目标位置为:[281,599]
跳跃距离为:216.781033
转换系数k为:2.687328
跳完！第2次上一次的目标位置为:[274,710]
上一次的跳跃距离为:216.781033
棋子与上次偏差为:-21.604814
修正数为:-0.099662
修正后的k:2.587666

棋子位置为:[254,700]
目标位置为:[475,595]
跳跃距离为:233.711097
转换系数k为:2.651967
跳完！第3次上一次的目标位置为:[186,762]
上一次的跳跃距离为:233.711097
棋子与上次偏差为:-22.863748
修正数为:-0.097829
修正后的k:2.554138

棋子位置为:[208,752]
目标位置为:[563,544]
跳跃距离为:413.035111
转换系数k为:2.353937
跳完！第4次上一次的目标位置为:[544,750]
上一次的跳跃距离为:413.035111
棋子与上次偏差为:-17.110658
修正数为:-0.041427
修正后的k:2.312510

棋子位置为:[558,741]
目标位置为:[206,556]
跳跃距离为:388.702927
转换系数k为:2.393236
跳完！第5次上一次的目标位置为:[266,716]
上一次的跳跃距离为:388.702927
棋子与上次偏差为:-25.925776
修正数为:-0.066698
修正后的k:2.326538

棋子位置为:[242,704]
目标位置为:[484,590]
跳跃距离为:255.042157
转换系数k为:2.617071
跳完！第6次上一次的目标位置为:[486,716]
上一次的跳跃距离为:255.042157
棋子与上次偏差为:-28.474032
修正数为:-0.111644
修正后的k:2.505427

棋子位置为:[514,704]
目标位置为:[264,589]
跳跃距离为:261.013646
转换系数k为:2.608419
跳完！第7次上一次的目标位置为:[452,698]
上一次的跳跃距离为:261.013646
棋子与上次偏差为:-22.863748
修正数为:-0.087596
修正后的k:2.520823

棋子位置为:[430,688]
目标位置为:[297,608]
跳跃距离为:156.846261
转换系数k为:2.796265
跳完！第8次上一次的目标位置为:[502,726]
上一次的跳跃距离为:156.846261
棋子与上次偏差为:-8.641925
修正数为:-0.055098
修正后的k:2.741167

棋子位置为:[494,722]
目标位置为:[247,579]
跳跃距离为:285.649409
转换系数k为:2.565586
跳完！第9次上一次的目标位置为:[552,754]
上一次的跳跃距离为:285.649409
棋子与上次偏差为:-18.548614
修正数为:-0.064935
修正后的k:2.500651

棋子位置为:[534,746]
目标位置为:[198,551]
跳跃距离为:389.050699
转换系数k为:2.326538
跳完！第10次上一次的目标位置为:[234,734]
上一次的跳跃距离为:389.050699
棋子与上次偏差为:-8.641925
修正数为:-0.022213
修正后的k:2.304325

棋子位置为:[226,730]
目标位置为:[516,571]
跳跃距离为:326.584934
转换系数k为:2.498512
跳完！第11次上一次的目标位置为:[556,758]
上一次的跳跃距离为:326.584934
棋子与上次偏差为:-29.032517
修正数为:-0.088897
修正后的k:2.409615

棋子位置为:[582,744]
目标位置为:[193,548]
跳跃距离为:421.606520
转换系数k为:2.346155
跳完！第12次上一次的目标位置为:[474,710]
上一次的跳跃距离为:421.606520
棋子与上次偏差为:-14.237016
修正数为:-0.033768
修正后的k:2.312387

棋子位置为:[460,704]
目标位置为:[276,596]
跳跃距离为:214.273355
转换系数k为:2.587666
跳完！第13次上一次的目标位置为:[206,750]
上一次的跳跃距离为:214.273355
棋子与上次偏差为:2.160481
修正数为:0.010083
修正后的k:2.597749

棋子位置为:[208,751]
目标位置为:[543,556]
跳跃距离为:388.475545
转换系数k为:2.304325
跳完！第14次上一次的目标位置为:[302,696]
上一次的跳跃距离为:388.475545
棋子与上次偏差为:4.320963
修正数为:0.011106
修正后的k:2.315432

棋子位置为:[298,698]
目标位置为:[448,610]
跳跃距离为:174.635502
转换系数k为:2.759471
跳完！第15次上一次的目标位置为:[480,712]
上一次的跳跃距离为:174.635502
棋子与上次偏差为:1.414857
修正数为:0.008102
修正后的k:2.767573

棋子位置为:[480,713]
目标位置为:[270,593]
跳跃距离为:241.282650
转换系数k为:2.643199
跳完！第16次上一次的目标位置为:[212,748]
上一次的跳跃距离为:241.282650
棋子与上次偏差为:-29.032517
修正数为:-0.120326
修正后的k:2.522874

棋子位置为:[186,734]
目标位置为:[538,558]
跳跃距离为:380.244719
转换系数k为:2.409139
跳完！第17次上一次的目标位置为:[550,754]
上一次的跳跃距离为:380.244719
棋子与上次偏差为:-20.705877
修正数为:-0.054454
修正后的k:2.354685

棋子位置为:[570,745]
目标位置为:[199,551]
跳跃距离为:408.746134
转换系数k为:2.361745
跳完！第18次上一次的目标位置为:[562,760]
上一次的跳跃距离为:408.746134
棋子与上次偏差为:-20.705877
修正数为:-0.050657
修正后的k:2.311088

棋子位置为:[542,751]
目标位置为:[188,545]
跳跃距离为:410.448500
转换系数k为:2.311088
跳完！第19次上一次的目标位置为:[488,718]
上一次的跳跃距离为:410.448500
棋子与上次偏差为:-6.481444
修正数为:-0.015791
修正后的k:2.295297

棋子位置为:[482,715]
目标位置为:[262,588]
跳跃距离为:254.055632
转换系数k为:2.505427
跳完！第20次上一次的目标位置为:[268,714]
上一次的跳跃距离为:254.055632
棋子与上次偏差为:-8.641925
修正数为:-0.034016
修正后的k:2.471411

棋子位置为:[260,710]
目标位置为:[481,591]
跳跃距离为:246.776397
转换系数k为:2.634461
跳完！第21次上一次的目标位置为:[474,710]
上一次的跳跃距离为:246.776397
棋子与上次偏差为:-14.237016
修正数为:-0.057692
修正后的k:2.576769

棋子位置为:[488,704]
目标位置为:[275,595]
跳跃距离为:232.423045
转换系数k为:2.660763
跳完！第22次上一次的目标位置为:[238,732]
上一次的跳跃距离为:232.423045
棋子与上次偏差为:-18.548614
修正数为:-0.079805
修正后的k:2.580958

棋子位置为:[220,724]
目标位置为:[512,573]
跳跃距离为:320.107741
转换系数k为:2.506800
跳完！第23次上一次的目标位置为:[498,724]
上一次的跳跃距离为:320.107741
棋子与上次偏差为:-31.191634
修正数为:-0.097441
修正后的k:2.409359

棋子位置为:[526,709]
目标位置为:[252,582]
跳跃距离为:286.919625
转换系数k为:2.500651
跳完！第24次上一次的目标位置为:[480,714]
上一次的跳跃距离为:286.919625
棋子与上次偏差为:-12.962888
修正数为:-0.045180
修正后的k:2.455472

棋子位置为:[468,708]
目标位置为:[270,592]
跳跃距离为:230.357520
转换系数k为:2.580958
跳完！第25次上一次的目标位置为:[250,726]
上一次的跳跃距离为:230.357520
棋子与上次偏差为:-19.256092
修正数为:-0.083592
修正后的k:2.497366

棋子位置为:[234,716]
目标位置为:[500,580]
跳跃距离为:290.141442
转换系数k为:2.557105
跳完！第26次上一次的目标位置为:[284,706]
上一次的跳跃距离为:290.141442
棋子与上次偏差为:-23.765295
修正数为:-0.081909
修正后的k:2.475195

棋子位置为:[306,695]
目标位置为:[466,600]
跳跃距离为:187.424470
转换系数k为:2.741256
跳完！第27次上一次的目标位置为:[566,764]
上一次的跳跃距离为:187.424470
棋子与上次偏差为:-17.110658
修正数为:-0.091294
修正后的k:2.649962

棋子位置为:[580,755]
目标位置为:[183,542]
跳跃距离为:442.562371
转换系数k为:2.307629
跳完！第28次上一次的目标位置为:[448,696]
上一次的跳跃距离为:442.562371
棋子与上次偏差为:-16.085510
修正数为:-0.036346
修正后的k:2.271283

棋子位置为:[434,688]
目标位置为:[301,610]
跳跃距离为:154.816581
转换系数k为:2.741167
跳完！第29次上一次的目标位置为:[220,742]
上一次的跳跃距离为:154.816581
棋子与上次偏差为:-6.481444
修正数为:-0.041865
修正后的k:2.699302

棋子位置为:[214,739]
目标位置为:[530,563]
跳跃距离为:358.551124
转换系数k为:2.441262
跳完！第30次上一次的目标位置为:[484,716]
上一次的跳跃距离为:358.551124
棋子与上次偏差为:-20.398938
修正数为:-0.056893
修正后的k:2.384370

棋子位置为:[502,706]
目标位置为:[266,590]
跳跃距离为:253.092710
转换系数k为:2.471411
跳完！第31次上一次的目标位置为:[476,710]
上一次的跳跃距离为:253.092710
棋子与上次偏差为:3.265491
修正数为:0.012902
修正后的k:2.484313

棋子位置为:[472,710]
目标位置为:[274,595]
跳跃距离为:229.351622
转换系数k为:2.497366
跳完！第32次上一次的目标位置为:[202,752]
上一次的跳跃距离为:229.351622
棋子与上次偏差为:10.710710
修正数为:0.046700
修正后的k:2.544066

棋子位置为:[210,758]
目标位置为:[548,553]
跳跃距离为:400.332521
转换系数k为:2.377438
跳完！第33次上一次的目标位置为:[482,714]
上一次的跳跃距离为:400.332521
棋子与上次偏差为:-16.085510
修正数为:-0.040180
修正后的k:2.337258

棋子位置为:[496,706]
目标位置为:[268,591]
跳跃距离为:247.223750
转换系数k为:2.576769
跳完！第34次上一次的目标位置为:[456,700]
上一次的跳跃距离为:247.223750
棋子与上次偏差为:-9.933559
修正数为:-0.040180
修正后的k:2.536589

棋子位置为:[446,696]
目标位置为:[294,606]
跳跃距离为:177.799752
转换系数k为:2.750348
跳完！第35次上一次的目标位置为:[516,734]
上一次的跳跃距离为:177.799752
棋子与上次偏差为:-10.802407
修正数为:-0.060756
修正后的k:2.689592

棋子位置为:[506,729]
目标位置为:[233,571]
跳跃距离为:315.665028
转换系数k为:2.515114
跳完！第36次上一次的目标位置为:[440,690]
上一次的跳跃距离为:315.665028
棋子与上次偏差为:-16.085510
修正数为:-0.050958
修正后的k:2.464157

棋子位置为:[426,682]
目标位置为:[310,615]
跳跃距离为:133.993000
转换系数k为:2.833551
跳完！第37次上一次的目标位置为:[218,742]
上一次的跳跃距离为:133.993000
棋子与上次偏差为:-7.789103
修正数为:-0.058131
修正后的k:2.775420

棋子位置为:[210,739]
目标位置为:[531,563]
跳跃距离为:361.499098
转换系数k为:2.384370
跳完！第38次上一次的目标位置为:[452,698]
上一次的跳跃距离为:361.499098
棋子与上次偏差为:-18.241778
修正数为:-0.050461
修正后的k:2.333908

棋子位置为:[468,689]
目标位置为:[298,608]
跳跃距离为:179.985489
转换系数k为:2.689592
跳完！第39次上一次的目标位置为:[498,724]
上一次的跳跃距离为:179.985489
棋子与上次偏差为:-5.656855
修正数为:-0.031430
修正后的k:2.658163

棋子位置为:[492,722]
目标位置为:[252,582]
跳跃距离为:278.610949
转换系数k为:2.574096
跳完！第40次上一次的目标位置为:[308,692]
上一次的跳跃距离为:278.610949
棋子与上次偏差为:-27.861095
修正数为:-0.100000
修正后的k:2.474096

棋子位置为:[284,678]
目标位置为:[442,614]
跳跃距离为:157.597847
转换系数k为:2.787021
跳完！第41次上一次的目标位置为:[290,702]
上一次的跳跃距离为:157.597847
棋子与上次偏差为:-11.313710
修正数为:-0.071788
修正后的k:2.715233

棋子位置为:[302,698]
目标位置为:[460,604]
跳跃距离为:185.272007
转换系数k为:2.649962
跳完！第42次上一次的目标位置为:[484,716]
上一次的跳跃距离为:185.272007
棋子与上次偏差为:-3.266978
修正数为:-0.017633
修正后的k:2.632329

棋子位置为:[486,714]
目标位置为:[266,590]
跳跃距离为:251.071489
转换系数k为:2.625752
跳完！第43次上一次的目标位置为:[204,752]
上一次的跳跃距离为:251.071489
棋子与上次偏差为:-23.765295
修正数为:-0.094655
修正后的k:2.531096

棋子位置为:[182,741]
目标位置为:[546,554]
跳跃距离为:397.876342
转换系数k为:2.337258
跳完！第44次上一次的目标位置为:[436,688]
上一次的跳跃距离为:397.876342
棋子与上次偏差为:-17.283851
修正数为:-0.043440
修正后的k:2.293818

棋子位置为:[452,680]
目标位置为:[313,617]
跳跃距离为:144.298271
转换系数k为:2.814846
跳完！第45次上一次的目标位置为:[448,696]
上一次的跳跃距离为:144.298271
棋子与上次偏差为:-1.414857
修正数为:-0.009805
修正后的k:2.805041

棋子位置为:[448,695]
目标位置为:[301,610]
跳跃距离为:169.896419
转换系数k为:2.768624
跳完！第46次上一次的目标位置为:[494,720]
上一次的跳跃距离为:169.896419
棋子与上次偏差为:-12.083726
修正数为:-0.071124
修正后的k:2.697500

棋子位置为:[482,715]
目标位置为:[256,585]
跳跃距离为:260.520878
转换系数k为:2.520823
跳完！第47次上一次的目标位置为:[256,722]
上一次的跳跃距离为:260.520878
棋子与上次偏差为:-13.930547
修正数为:-0.053472
修正后的k:2.467351

棋子位置为:[244,715]
目标位置为:[494,584]
跳跃距离为:275.694203
转换系数k为:2.582634
跳完！第48次上一次的目标位置为:[494,722]
上一次的跳跃距离为:275.694203
棋子与上次偏差为:-25.925776
修正数为:-0.094038
修正后的k:2.488596

棋子位置为:[518,710]
目标位置为:[255,584]
跳跃距离为:279.069175
转换系数k为:2.474096
跳完！第49次上一次的目标位置为:[212,746]
上一次的跳跃距离为:279.069175
棋子与上次偏差为:-9.933559
修正数为:-0.035595
修正后的k:2.438501

棋子位置为:[202,742]
目标位置为:[537,559]
跳跃距离为:376.607204
转换系数k为:2.417130
跳完！第50次第50次游戏结束！第0次第0次第0次上一次的目标位置为:[224,740]
上一次的跳跃距离为:376.607204
棋子与上次偏差为:0.000000
修正数为:0.000000
修正后的k:2.417130

棋子位置为:[224,740]
目标位置为:[526,566]
跳跃距离为:348.412661
转换系数k为:2.351800
跳完！第1次上一次的目标位置为:[176,768]
上一次的跳跃距离为:348.412661
棋子与上次偏差为:-3.266978
修正数为:-0.009377
修正后的k:2.342424

棋子位置为:[178,766]
目标位置为:[574,538]
跳跃距离为:456.700117
转换系数k为:2.292396
跳完！第2次上一次的目标位置为:[512,732]
上一次的跳跃距离为:456.700117
棋子与上次偏差为:-3.558828
修正数为:-0.007792
修正后的k:2.284604

棋子位置为:[516,731]
目标位置为:[238,574]
跳跃距离为:317.568805
转换系数k为:2.409359
跳完！第3次上一次的目标位置为:[292,700]
上一次的跳跃距离为:317.568805
棋子与上次偏差为:-12.083726
修正数为:-0.038051
修正后的k:2.371308

棋子位置为:[280,695]
目标位置为:[458,605]
跳跃距离为:193.212363
转换系数k为:2.723161
跳完！第4次上一次的目标位置为:[544,750]
上一次的跳跃距离为:193.212363
棋子与上次偏差为:-16.392199
修正数为:-0.084840
修正后的k:2.638320

棋子位置为:[560,743]
目标位置为:[206,555]
跳跃距离为:392.773538
转换系数k为:2.385324
跳完！第5次上一次的目标位置为:[250,724]
上一次的跳跃距离为:392.773538
棋子与上次偏差为:-16.392199
修正数为:-0.041734
修正后的k:2.343590

棋子位置为:[234,717]
目标位置为:[499,581]
跳跃距离为:289.530938
转换系数k为:2.475195
跳完！第6次上一次的目标位置为:[540,748]
上一次的跳跃距离为:289.530938
棋子与上次偏差为:-14.237016
修正数为:-0.049173
修正后的k:2.426022

棋子位置为:[554,742]
目标位置为:[209,557]
跳跃距离为:384.497445
转换系数k为:2.401175
跳完！第7次上一次的目标位置为:[204,752]
上一次的跳跃距离为:384.497445
棋子与上次偏差为:-23.765295
修正数为:-0.061809
修正后的k:2.339366

棋子位置为:[182,741]
目标位置为:[546,554]
跳跃距离为:397.876342
转换系数k为:2.293818
跳完！第8次上一次的目标位置为:[294,700]
上一次的跳跃距离为:397.876342
棋子与上次偏差为:-6.481444
修正数为:-0.016290
修正后的k:2.277528

棋子位置为:[300,697]
目标位置为:[456,606]
跳跃距离为:181.097117
转换系数k为:2.658163
跳完！第9次上一次的目标位置为:[252,724]
上一次的跳跃距离为:181.097117
棋子与上次偏差为:-4.320963
修正数为:-0.023860
修正后的k:2.634303

棋子位置为:[256,722]
目标位置为:[498,582]
跳跃距离为:279.761564
转换系数k为:2.438501
跳完！第10次上一次的目标位置为:[458,700]
上一次的跳跃距离为:279.761564
棋子与上次偏差为:-4.320963
修正数为:-0.015445
修正后的k:2.423056

棋子位置为:[462,698]
目标位置为:[292,605]
跳跃距离为:191.244817
转换系数k为:2.732193
跳完！第11次上一次的目标位置为:[510,730]
上一次的跳跃距离为:191.244817
棋子与上次偏差为:-12.083726
修正数为:-0.063185
修正后的k:2.669008

棋子位置为:[498,725]
目标位置为:[240,575]
跳跃距离为:299.004233
转换系数k为:2.540225
跳完！第12次上一次的目标位置为:[450,696]
上一次的跳跃距离为:299.004233
棋子与上次偏差为:-25.707522
修正数为:-0.085977
修正后的k:2.454248

棋子位置为:[428,683]
目标位置为:[300,610]
跳跃距离为:146.925363
转换系数k为:2.805041
跳完！第13次上一次的目标位置为:[190,760]
上一次的跳跃距离为:146.925363
棋子与上次偏差为:-5.355355
修正数为:-0.036449
修正后的k:2.768592

棋子位置为:[186,757]
目标位置为:[559,546]
跳跃距离为:426.435979
转换系数k为:2.338399
跳完！第14次上一次的目标位置为:[250,726]
上一次的跳跃距离为:426.435979
棋子与上次偏差为:4.320963
修正数为:0.010133
修正后的k:2.348531

棋子位置为:[246,728]
目标位置为:[500,580]
跳跃距离为:294.695650
转换系数k为:2.548651
跳完！第15次上一次的目标位置为:[266,716]
上一次的跳跃距离为:294.695650
棋子与上次偏差为:-3.266978
修正数为:-0.011086
修正后的k:2.537565

棋子位置为:[268,714]
目标位置为:[484,590]
跳跃距离为:248.746012
转换系数k为:2.531096
跳完！第16次上一次的目标位置为:[250,724]
上一次的跳跃距离为:248.746012
棋子与上次偏差为:-5.656855
修正数为:-0.022741
修正后的k:2.508355

棋子位置为:[256,722]
目标位置为:[500,581]
跳跃距离为:281.916385
转换系数k为:2.423056
跳完！第17次上一次的目标位置为:[264,716]
上一次的跳跃距离为:281.916385
棋子与上次偏差为:5.355355
修正数为:0.007723
修正后的k:2.430778

棋子位置为:[260,719]
目标位置为:[485,589]
跳跃距离为:259.943363
转换系数k为:2.467351
跳完！第18次上一次的目标位置为:[482,714]
上一次的跳跃距离为:259.943363
棋子与上次偏差为:0.000000
修正数为:0.000000
修正后的k:2.467351

棋子位置为:[482,714]
目标位置为:[268,591]
跳跃距离为:246.590691
转换系数k为:2.536589
跳完！第19次上一次的目标位置为:[226,738]
上一次的跳跃距离为:246.590691
棋子与上次偏差为:-11.313710
修正数为:-0.045881
修正后的k:2.490708

棋子位置为:[214,734]
目标位置为:[524,567]
跳跃距离为:346.231200
转换系数k为:2.465636
跳完！第20次上一次的目标位置为:[540,748]
上一次的跳跃距离为:346.231200
棋子与上次偏差为:-23.765295
修正数为:-0.068640
修正后的k:2.396996

棋子位置为:[562,737]
目标位置为:[209,557]
跳跃距离为:384.586139
转换系数k为:2.339366
跳完！第21次上一次的目标位置为:[564,762]
上一次的跳跃距离为:384.586139
棋子与上次偏差为:-9.933559
修正数为:-0.025829
修正后的k:2.313537

棋子位置为:[554,758]
目标位置为:[185,543]
跳跃距离为:428.112931
转换系数k为:2.330668
跳完！第22次上一次的目标位置为:[514,732]
上一次的跳跃距离为:428.112931
棋子与上次偏差为:-25.925776
修正数为:-0.060558
修正后的k:2.270110

棋子位置为:[490,720]
目标位置为:[236,573]
跳跃距离为:293.691997
转换系数k为:2.537565
跳完！第23次上一次的目标位置为:[202,752]
上一次的跳跃距离为:293.691997
棋子与上次偏差为:-20.398938
修正数为:-0.069457
修正后的k:2.468108

棋子位置为:[184,742]
目标位置为:[547,553]
跳跃距离为:399.157155
转换系数k为:2.277528
跳完！第24次上一次的目标位置为:[476,712]
上一次的跳跃距离为:399.157155
棋子与上次偏差为:1.632746
修正数为:0.004090
修正后的k:2.281618

棋子位置为:[474,712]
目标位置为:[274,594]
跳跃距离为:233.520760
转换系数k为:2.554138
跳完！第25次上一次的目标位置为:[452,698]
上一次的跳跃距离为:233.520760
棋子与上次偏差为:-8.641925
修正数为:-0.037007
修正后的k:2.517131

棋子位置为:[444,694]
目标位置为:[298,608]
跳跃距离为:170.328596
转换系数k为:2.697500
跳完！第26次上一次的目标位置为:[234,734]
上一次的跳跃距离为:170.328596
棋子与上次偏差为:2.160481
修正数为:0.012684
修正后的k:2.710184

棋子位置为:[232,735]
目标位置为:[516,572]
跳跃距离为:327.017984
转换系数k为:2.409615
跳完！第27次上一次的目标位置为:[472,710]
上一次的跳跃距离为:327.017984
棋子与上次偏差为:-3.266978
修正数为:-0.009990
修正后的k:2.399625

棋子位置为:[474,708]
目标位置为:[277,596]
跳跃距离为:225.777927
转换系数k为:2.669589
跳完！第28次上一次的目标位置为:[274,712]
上一次的跳跃距离为:225.777927
棋子与上次偏差为:-21.604814
修正数为:-0.095691
修正后的k:2.573898

棋子位置为:[254,702]
目标位置为:[476,594]
跳跃距离为:237.055447
转换系数k为:2.517131
跳完！第29次上一次的目标位置为:[444,692]
上一次的跳跃距离为:237.055447
棋子与上次偏差为:4.547775
修正数为:0.018504
修正后的k:2.535634

棋子位置为:[442,695]
目标位置为:[305,613]
跳跃距离为:161.149376
转换系数k为:2.715233
跳完！第30次上一次的目标位置为:[202,752]
上一次的跳跃距离为:161.149376
棋子与上次偏差为:3.265491
修正数为:0.020264
修正后的k:2.735496

棋子位置为:[198,752]
目标位置为:[547,553]
跳跃距离为:400.562335
转换系数k为:2.281618
跳完！第31次上一次的目标位置为:[456,700]
上一次的跳跃距离为:400.562335
棋子与上次偏差为:-3.266978
修正数为:-0.008156
修正后的k:2.273462

棋子位置为:[458,698]
目标位置为:[294,606]
跳跃距离为:186.731487
转换系数k为:2.632329
跳完！第32次上一次的目标位置为:[290,702]
上一次的跳跃距离为:186.731487
棋子与上次偏差为:2.160481
修正数为:0.008817
修正后的k:2.641145

棋子位置为:[292,703]
目标位置为:[460,604]
跳跃距离为:196.036090
转换系数k为:2.638320
跳完！第33次上一次的目标位置为:[284,706]
上一次的跳跃距离为:196.036090
棋子与上次偏差为:-2.160481
修正数为:-0.011021
修正后的k:2.627299

棋子位置为:[286,705]
目标位置为:[466,600]
跳跃距离为:208.958211
转换系数k为:2.696242
跳完！第34次上一次的目标位置为:[538,746]
上一次的跳跃距离为:208.958211
棋子与上次偏差为:-18.680774
修正数为:-0.089400
修正后的k:2.606842

棋子位置为:[534,733]
目标位置为:[212,559]
跳跃距离为:360.151162
转换系数k为:2.333908
跳完！第35次上一次的目标位置为:[550,754]
上一次的跳跃距离为:360.151162
棋子与上次偏差为:-29.032517
修正数为:-0.080612
修正后的k:2.253296

棋子位置为:[524,740]
目标位置为:[200,552]
跳跃距离为:375.120199
转换系数k为:2.417130
跳完！第36次上一次的目标位置为:[294,700]
上一次的跳跃距离为:375.120199
棋子与上次偏差为:-27.861095
修正数为:-0.074272
修正后的k:2.342858

棋子位置为:[270,686]
目标位置为:[455,606]
跳跃距离为:188.736341
转换系数k为:2.669008
跳完！第37次上一次的目标位置为:[550,754]
上一次的跳跃距离为:188.736341
棋子与上次偏差为:-7.789103
修正数为:-0.041270
修正后的k:2.627739

棋子位置为:[558,751]
目标位置为:[200,552]
跳跃距离为:405.821263
转换系数k为:2.369579
跳完！第38次上一次的目标位置为:[484,716]
上一次的跳跃距离为:405.821263
棋子与上次偏差为:-20.398938
修正数为:-0.050266
修正后的k:2.319313

棋子位置为:[466,706]
目标位置为:[266,590]
跳跃距离为:231.506140
转换系数k为:2.544066
跳完！第39次上一次的目标位置为:[550,754]
上一次的跳跃距离为:231.506140
棋子与上次偏差为:-17.283851
修正数为:-0.074658
修正后的k:2.469407

棋子位置为:[534,746]
目标位置为:[200,552]
跳跃距离为:386.896208
转换系数k为:2.313537
跳完！第40次上一次的目标位置为:[536,746]
上一次的跳跃距离为:386.896208
棋子与上次偏差为:-18.241778
修正数为:-0.047149
修正后的k:2.266388

棋子位置为:[520,737]
目标位置为:[214,560]
跳跃距离为:353.723257
转换系数k为:2.449360
跳完！第41次上一次的目标位置为:[492,720]
上一次的跳跃距离为:353.723257
棋子与上次偏差为:-31.191634
修正数为:-0.088181
修正后的k:2.361179

棋子位置为:[464,705]
目标位置为:[258,586]
跳跃距离为:237.970344
转换系数k为:2.522874
跳完！第42次上一次的目标位置为:[458,700]
上一次的跳跃距离为:237.970344
棋子与上次偏差为:-9.933559
修正数为:-0.041743
修正后的k:2.481131

棋子位置为:[448,696]
目标位置为:[292,605]
跳跃距离为:181.097117
转换系数k为:2.634303
跳完！第43次上一次的目标位置为:[278,708]
上一次的跳跃距离为:181.097117
棋子与上次偏差为:2.829715
修正数为:0.011930
修正后的k:2.646233

棋子位置为:[278,710]
目标位置为:[471,597]
跳跃距离为:224.469146
转换系数k为:2.573898
跳完！第44次上一次的目标位置为:[462,702]
上一次的跳跃距离为:224.469146
棋子与上次偏差为:-6.481444
修正数为:-0.028875
修正后的k:2.545024

棋子位置为:[468,699]
目标位置为:[288,603]
跳跃距离为:200.105569
转换系数k为:2.714158
跳完！第45次上一次的目标位置为:[456,700]
上一次的跳跃距离为:200.105569
棋子与上次偏差为:-4.320963
修正数为:-0.021593
修正后的k:2.692564

棋子位置为:[452,698]
目标位置为:[293,606]
跳跃距离为:183.826842
转换系数k为:2.641145
跳完！第46次上一次的目标位置为:[500,726]
上一次的跳跃距离为:183.826842
棋子与上次偏差为:-2.160481
修正数为:-0.011753
修正后的k:2.629392

棋子位置为:[498,725]
目标位置为:[249,580]
跳跃距离为:288.807491
转换系数k为:2.426022
跳完！第47次上一次的目标位置为:[516,734]
上一次的跳跃距离为:288.807491
棋子与上次偏差为:-6.481444
修正数为:-0.022442
修正后的k:2.403580

棋子位置为:[510,731]
目标位置为:[234,572]
跳跃距离为:318.397008
转换系数k为:2.371308
跳完！第48次上一次的目标位置为:[210,748]
上一次的跳跃距离为:318.397008
棋子与上次偏差为:4.547775
修正数为:0.014283
修正后的k:2.385591

棋子位置为:[212,751]
目标位置为:[540,557]
跳跃距离为:383.459879
转换系数k为:2.266388
跳完！第49次上一次的目标位置为:[262,718]
上一次的跳跃距离为:383.459879
棋子与上次偏差为:3.266978
修正数为:0.008520
修正后的k:2.274907

棋子位置为:[260,720]
目标位置为:[488,588]
跳跃距离为:263.676377
转换系数k为:2.599796
跳完！第50次上一次的目标位置为:[526,740]
上一次的跳跃距离为:263.676377
棋子与上次偏差为:-18.241778
修正数为:-0.069182
修正后的k:2.530613

棋子位置为:[542,731]
目标位置为:[224,565]
跳跃距离为:350.082498
转换系数k为:2.342424
跳完！第51次上一次的目标位置为:[302,694]
上一次的跳跃距离为:350.082498
棋子与上次偏差为:-7.789103
修正数为:-0.022249
修正后的k:2.320174

棋子位置为:[294,691]
目标位置为:[447,611]
跳跃距离为:168.561343
转换系数k为:2.710184
跳完！第52次上一次的目标位置为:[196,756]
上一次的跳跃距离为:168.561343
棋子与上次偏差为:1.632746
修正数为:0.009686
修正后的k:2.719870

棋子位置为:[198,756]
目标位置为:[553,550]
跳跃距离为:411.023715
转换系数k为:2.295297
跳完！第53次上一次的目标位置为:[492,720]
上一次的跳跃距离为:411.023715
棋子与上次偏差为:-5.355355
修正数为:-0.013029
修正后的k:2.282267

棋子位置为:[496,717]
目标位置为:[258,586]
跳跃距离为:268.522769
转换系数k为:2.591201
跳完！第54次上一次的目标位置为:[302,696]
上一次的跳跃距离为:268.522769
棋子与上次偏差为:-19.444332
修正数为:-0.072412
修正后的k:2.518789

棋子位置为:[284,687]
目标位置为:[448,610]
跳跃距离为:172.609473
转换系数k为:2.767573
跳完！第55次上一次的目标位置为:[454,698]
上一次的跳跃距离为:172.609473
棋子与上次偏差为:-4.320963
修正数为:-0.025033
修正后的k:2.742540

棋子位置为:[458,696]
目标位置为:[296,607]
跳跃距离为:182.611950
转换系数k为:2.629392
跳完！第56次上一次的目标位置为:[202,754]
上一次的跳跃距离为:182.611950
棋子与上次偏差为:8.641925
修正数为:0.005876
修正后的k:2.635269

棋子位置为:[210,758]
目标位置为:[548,552]
跳跃距离为:401.358788
转换系数k为:2.273462
跳完！第57次上一次的目标位置为:[526,740]
上一次的跳跃距离为:401.358788
棋子与上次偏差为:2.160481
修正数为:0.004078
修正后的k:2.277540

棋子位置为:[528,741]
目标位置为:[223,565]
跳跃距离为:352.145267
转换系数k为:2.320174
跳完！第58次上一次的目标位置为:[320,684]
上一次的跳跃距离为:352.145267
棋子与上次偏差为:-10.802407
修正数为:-0.030676
修正后的k:2.289498

棋子位置为:[310,679]
目标位置为:[429,621]
跳跃距离为:127.168911
转换系数k为:2.852379
跳完！第59次上一次的目标位置为:[432,686]
上一次的跳跃距离为:127.168911
棋子与上次偏差为:0.000000
修正数为:0.000000
修正后的k:2.852379

棋子位置为:[432,686]
目标位置为:[318,620]
跳跃距离为:131.838189
转换系数k为:2.842949
跳完！第60次上一次的目标位置为:[442,690]
上一次的跳跃距离为:131.838189
棋子与上次偏差为:3.265491
修正数为:0.024769
修正后的k:2.867718

棋子位置为:[438,690]
目标位置为:[308,615]
跳跃距离为:150.078303
转换系数k为:2.805541
跳完！第61次上一次的目标位置为:[250,724]
上一次的跳跃距离为:150.078303
棋子与上次偏差为:-6.481444
修正数为:-0.043187
修正后的k:2.762353

棋子位置为:[244,721]
目标位置为:[499,581]
跳跃距离为:287.354415
转换系数k为:2.455472
跳完！第62次上一次的目标位置为:[524,738]
上一次的跳跃距离为:287.354415
棋子与上次偏差为:-8.641925
修正数为:-0.030074
修正后的k:2.425398

棋子位置为:[532,734]
目标位置为:[226,567]
跳跃距离为:343.851531
转换系数k为:2.396996
跳完！第63次上一次的目标位置为:[430,684]
上一次的跳跃距离为:343.851531
棋子与上次偏差为:-7.789103
修正数为:-0.022653
修正后的k:2.374343

棋子位置为:[422,681]
目标位置为:[319,621]
跳跃距离为:119.486736
转换系数k为:2.861840
跳完！第64次上一次的目标位置为:[218,744]
上一次的跳跃距离为:119.486736
棋子与上次偏差为:1.632746
修正数为:0.013665
修正后的k:2.875505

棋子位置为:[216,744]
目标位置为:[532,562]
跳跃距离为:364.498040
转换系数k为:2.433192
跳完！第65次上一次的目标位置为:[218,744]
上一次的跳跃距离为:364.498040
棋子与上次偏差为:-103.977345
修正数为:-0.285262
修正后的k:2.147930

棋子位置为:[308,692]
目标位置为:[532,562]
跳跃距离为:259.367133
转换系数k为:2.467351
跳完！第66次第66次开始准备...开始准备...开始准备...开始准备...准备完成！开始运行
第0次上一次的目标位置为:[224,740]
上一次的跳跃距离为:0.000000
棋子与上次偏差为:0.000000
修正数为:0.000000
修正后的k:3.000000

棋子位置为:[224,740]
目标位置为:[526,566]
跳跃距离为:348.412661
转换系数k为:2.296569
跳完！第1次上一次的目标位置为:[278,708]
上一次的跳跃距离为:348.412661
棋子与上次偏差为:13.930547
修正数为:0.039983
修正后的k:2.336552

棋子位置为:[266,715]
目标位置为:[471,597]
跳跃距离为:236.392758
转换系数k为:2.493825
跳完！第2次上一次的目标位置为:[566,764]
上一次的跳跃距离为:236.392758
棋子与上次偏差为:-3.266978
修正数为:-0.013820
修正后的k:2.480005

棋子位置为:[568,762]
目标位置为:[184,542]
跳跃距离为:441.771842
转换系数k为:2.142196
跳完！第3次上一次的目标位置为:[460,702]
上一次的跳跃距离为:441.771842
棋子与上次偏差为:18.241778
修正数为:0.041292
修正后的k:2.183488

棋子位置为:[476,711]
目标位置为:[290,604]
跳跃距离为:214.419828
转换系数k为:2.528130
跳完！第4次上一次的目标位置为:[298,698]
上一次的跳跃距离为:214.419828
棋子与上次偏差为:3.266978
修正数为:0.015236
修正后的k:2.543367

棋子位置为:[300,700]
目标位置为:[452,608]
跳跃距离为:179.837190
转换系数k为:2.588165
跳完！第5次上一次的目标位置为:[262,718]
上一次的跳跃距离为:179.837190
棋子与上次偏差为:-6.481444
修正数为:-0.036041
修正后的k:2.552124

棋子位置为:[268,715]
目标位置为:[488,588]
跳跃距离为:254.055632
转换系数k为:2.459520
跳完！第6次上一次的目标位置为:[216,744]
上一次的跳跃距离为:254.055632
棋子与上次偏差为:-3.558828
修正数为:-0.014008
修正后的k:2.445512

棋子位置为:[220,743]
目标位置为:[534,561]
跳跃距离为:363.344294
转换系数k为:2.270840
跳完！第7次上一次的目标位置为:[506,728]
上一次的跳跃距离为:363.344294
棋子与上次偏差为:2.160481
修正数为:0.005946
修正后的k:2.276787

棋子位置为:[504,729]
目标位置为:[244,577]
跳跃距离为:302.164010
转换系数k为:2.382333
跳完！第8次上一次的目标位置为:[536,746]
上一次的跳跃距离为:302.164010
棋子与上次偏差为:-2.160481
修正数为:-0.007150
修正后的k:2.375183

棋子位置为:[534,745]
目标位置为:[214,560]
跳跃距离为:369.808481
转换系数k为:2.262264
跳完！第9次上一次的目标位置为:[190,760]
上一次的跳跃距离为:369.808481
棋子与上次偏差为:13.643324
修正数为:0.036893
修正后的k:2.299157

棋子位置为:[196,769]
目标位置为:[560,546]
跳跃距离为:433.419511
转换系数k为:2.150772
跳完！第10次上一次的目标位置为:[502,726]
上一次的跳跃距离为:433.419511
棋子与上次偏差为:25.707522
修正数为:0.059313
修正后的k:2.210085

棋子位置为:[480,739]
目标位置为:[248,580]
跳跃距离为:294.074548
转换系数k为:2.390909
跳完！第11次上一次的目标位置为:[236,732]
上一次的跳跃距离为:294.074548
棋子与上次偏差为:-3.558828
修正数为:-0.012102
修正后的k:2.378807

棋子位置为:[232,731]
目标位置为:[514,573]
跳跃距离为:320.894687
转换系数k为:2.348027
跳完！第12次上一次的目标位置为:[226,740]
上一次的跳跃距离为:320.894687
棋子与上次偏差为:-3.266978
修正数为:-0.010181
修正后的k:2.337847

棋子位置为:[228,738]
目标位置为:[524,566]
跳跃距离为:342.950211
转换系数k为:2.305146
跳完！第13次上一次的目标位置为:[184,762]
上一次的跳跃距离为:342.950211
棋子与上次偏差为:6.533956
修正数为:0.019052
修正后的k:2.324198

棋子位置为:[180,766]
目标位置为:[565,543]
跳跃距离为:445.348507
转换系数k为:2.133619
跳完！第14次上一次的目标位置为:[190,760]
上一次的跳跃距离为:445.348507
棋子与上次偏差为:26.873619
修正数为:0.060343
修正后的k:2.193962

棋子位置为:[166,773]
目标位置为:[560,546]
跳跃距离为:454.544997
转换系数k为:2.116467
跳完！第15次上一次的目标位置为:[562,760]
上一次的跳跃距离为:454.544997
棋子与上次偏差为:27.861095
修正数为:0.061294
修正后的k:2.177761

棋子位置为:[538,774]
目标位置为:[188,545]
跳跃距离为:431.994715
转换系数k为:2.159348
跳完！第16次上一次的目标位置为:[274,712]
上一次的跳跃距离为:431.994715
棋子与上次偏差为:18.188161
修正数为:0.042103
修正后的k:2.201451

棋子位置为:[288,722]
目标位置为:[476,594]
跳跃距离为:237.388644
转换系数k为:2.480005
跳完！第17次上一次的目标位置为:[290,702]
上一次的跳跃距离为:237.388644
棋子与上次偏差为:-4.320963
修正数为:-0.018202
修正后的k:2.461803

棋子位置为:[294,700]
目标位置为:[459,604]
跳跃距离为:191.293714
转换系数k为:2.571012
跳完！第18次上一次的目标位置为:[190,760]
上一次的跳跃距离为:191.293714
棋子与上次偏差为:4.320963
修正数为:0.022588
修正后的k:2.593600

棋子位置为:[186,762]
目标位置为:[560,546]
跳跃距离为:431.994655
转换系数k为:2.201451
跳完！第19次上一次的目标位置为:[294,700]
上一次的跳跃距离为:431.994655
棋子与上次偏差为:22.556734
修正数为:0.052215
修正后的k:2.253666

棋子位置为:[274,711]
目标位置为:[456,606]
跳跃距离为:210.109625
转换系数k为:2.536707
跳完！第20次上一次的目标位置为:[196,756]
上一次的跳跃距离为:210.109625
棋子与上次偏差为:-2.160481
修正数为:-0.010283
修正后的k:2.526424

棋子位置为:[198,755]
目标位置为:[554,550]
跳跃距离为:410.599077
转换系数k为:2.193654
跳完！第21次上一次的目标位置为:[232,736]
上一次的跳跃距离为:410.599077
棋子与上次偏差为:15.123370
修正数为:0.036832
修正后的k:2.230486

棋子位置为:[218,743]
目标位置为:[518,570]
跳跃距离为:346.257602
转换系数k为:2.324198
跳完！第22次上一次的目标位置为:[528,742]
上一次的跳跃距离为:346.257602
棋子与上次偏差为:9.628046
修正数为:0.027806
修正后的k:2.352004

棋子位置为:[520,747]
目标位置为:[221,564]
跳跃距离为:355.839290
转换系数k为:2.287993
跳完！第23次上一次的目标位置为:[492,720]
上一次的跳跃距离为:355.839290
棋子与上次偏差为:-4.320963
修正数为:-0.012143
修正后的k:2.275850

棋子位置为:[488,718]
目标位置为:[258,585]
跳跃距离为:265.831142
转换系数k为:2.442367
跳完！第24次上一次的目标位置为:[446,694]
上一次的跳跃距离为:265.831142
棋子与上次偏差为:-6.481444
修正数为:-0.024382
修正后的k:2.417985

棋子位置为:[440,691]
目标位置为:[304,612]
跳跃距离为:157.544586
转换系数k为:2.622470
跳完！第25次上一次的目标位置为:[186,762]
上一次的跳跃距离为:157.544586
棋子与上次偏差为:-9.933559
修正数为:-0.063052
修正后的k:2.559418

棋子位置为:[176,758]
目标位置为:[564,544]
跳跃距离为:438.186785
转换系数k为:2.183488
跳完！第26次上一次的目标位置为:[242,730]
上一次的跳跃距离为:438.186785
棋子与上次偏差为:15.123370
修正数为:0.034514
修正后的k:2.218001

棋子位置为:[228,737]
目标位置为:[508,576]
跳跃距离为:322.707356
转换系数k为:2.339451
跳完！第27次上一次的目标位置为:[308,692]
上一次的跳跃距离为:322.707356
棋子与上次偏差为:8.641925
修正数为:0.026779
修正后的k:2.366231

棋子位置为:[300,696]
目标位置为:[442,614]
跳跃距离为:164.008656
转换系数k为:2.613894
跳完！第28次上一次的目标位置为:[546,750]
上一次的跳跃距离为:164.008656
棋子与上次偏差为:9.628046
修正数为:0.058704
修正后的k:2.672598

棋子位置为:[538,755]
目标位置为:[204,555]
跳跃距离为:392.964352
转换系数k为:2.219383
跳完！第29次上一次的目标位置为:[478,712]
上一次的跳跃距离为:392.964352
棋子与上次偏差为:3.266978
修正数为:0.008314
修正后的k:2.227696

棋子位置为:[480,714]
目标位置为:[272,593]
跳跃距离为:241.127750
转换系数k为:2.485249
跳完！第30次开始准备...准备完成！开始运行
第0次上一次的目标位置为:[224,740]
上一次的跳跃距离为:0.000000
棋子与上次偏差为:0.000000
修正数为:0.000000
修正后的k:2.900000

棋子位置为:[224,740]
目标位置为:[526,566]
跳跃距离为:348.412661
转换系数k为:2.346569
跳完！第1次开始准备...开始准备...准备完成！开始运行
第0次上一次的目标位置为:[224,740]
上一次的跳跃距离为:0.000000
棋子与上次偏差为:0.000000
修正数为:0.000000
修正后的k:2.900000

棋子位置为:[224,740]
目标位置为:[526,566]
跳跃距离为:348.412661
转换系数k为:2.316569
跳完！第1次上一次的目标位置为:[550,754]
上一次的跳跃距离为:348.412661
棋子与上次偏差为:-4.320963
修正数为:-0.012402
修正后的k:2.304168

棋子位置为:[554,752]
目标位置为:[200,552]
跳跃距离为:404.464502
转换系数k为:2.222230
跳完！第2次上一次的目标位置为:[510,730]
上一次的跳跃距离为:404.464502
棋子与上次偏差为:17.110658
修正数为:0.042304
修正后的k:2.264534

棋子位置为:[524,739]
目标位置为:[240,575]
跳跃距离为:328.017313
转换系数k为:2.350875
跳完！第3次上一次的目标位置为:[532,742]
上一次的跳跃距离为:328.017313
棋子与上次偏差为:6.533956
修正数为:0.019920
修正后的k:2.370794

棋子位置为:[536,746]
目标位置为:[218,563]
跳跃距离为:366.653192
转换系数k为:2.290840
跳完！第4次上一次的目标位置为:[184,762]
上一次的跳跃距离为:366.653192
棋子与上次偏差为:1.414857
修正数为:0.003859
修正后的k:2.294699

棋子位置为:[184,763]
目标位置为:[565,543]
跳跃距离为:440.037298
转换系数k为:2.162196
跳完！第5次上一次的目标位置为:[472,708]
上一次的跳跃距离为:440.037298
棋子与上次偏差为:21.404554
修正数为:0.048643
修正后的k:2.210838

棋子位置为:[454,719]
目标位置为:[278,597]
跳跃距离为:224.587441
转换系数k为:2.530978
跳完！第6次上一次的目标位置为:[284,706]
上一次的跳跃距离为:224.587441
棋子与上次偏差为:-10.710710
修正数为:-0.047691
修正后的k:2.483287

棋子位置为:[276,700]
目标位置为:[466,600]
跳跃距离为:209.946625
转换系数k为:2.556707
跳完！第7次上一次的目标位置为:[204,750]
上一次的跳跃距离为:209.946625
棋子与上次偏差为:2.160481
修正数为:0.010291
修正后的k:2.566997

棋子位置为:[206,751]
目标位置为:[545,555]
跳跃距离为:391.781507
转换系数k为:2.247959
跳完！第8次上一次的目标位置为:[448,694]
上一次的跳跃距离为:391.781507
棋子与上次偏差为:9.628046
修正数为:0.024575
修正后的k:2.272534

棋子位置为:[440,699]
目标位置为:[302,611]
跳跃距离为:167.911457
转换系数k为:2.625317
跳完！第9次上一次的目标位置为:[518,736]
上一次的跳跃距离为:167.911457
棋子与上次偏差为:4.320963
修正数为:0.025734
修正后的k:2.651051

棋子位置为:[522,738]
目标位置为:[232,570]
跳跃距离为:335.483353
转换系数k为:2.342298
跳完！第10次上一次的目标位置为:[190,760]
上一次的跳跃距离为:335.483353
棋子与上次偏差为:-4.320963
修正数为:-0.012880
修正后的k:2.329419

棋子位置为:[186,758]
目标位置为:[560,546]
跳跃距离为:428.009653
转换系数k为:2.179348
跳完！第11次上一次的目标位置为:[490,718]
上一次的跳跃距离为:428.009653
棋子与上次偏差为:19.256092
修正数为:0.044990
修正后的k:2.224338

棋子位置为:[474,728]
目标位置为:[260,587]
跳跃距离为:265.178479
转换系数k为:2.462367
跳完！第12次上一次的目标位置为:[468,706]
上一次的跳跃距离为:265.178479
棋子与上次偏差为:-3.558828
修正数为:-0.013420
修正后的k:2.448947

棋子位置为:[464,705]
目标位置为:[282,599]
跳跃距离为:211.112384
转换系数k为:2.566997
跳完！第13次上一次的目标位置为:[220,742]
上一次的跳跃距离为:211.112384
棋子与上次偏差为:-8.641925
修正数为:-0.040935
修正后的k:2.526062

棋子位置为:[212,738]
目标位置为:[529,564]
跳跃距离为:357.182734
转换系数k为:2.307993
跳完！第14次上一次的目标位置为:[482,714]
上一次的跳跃距离为:357.182734
棋子与上次偏差为:-6.533956
修正数为:-0.018293
修正后的k:2.289700

棋子位置为:[486,710]
目标位置为:[267,591]
跳跃距离为:245.585222
转换系数k为:2.496672
跳完！第15次上一次的目标位置为:[484,716]
上一次的跳跃距离为:245.585222
棋子与上次偏差为:-10.802407
修正数为:-0.043986
修正后的k:2.452686

棋子位置为:[474,711]
目标位置为:[266,590]
跳跃距离为:241.127750
转换系数k为:2.505249
跳完！第16次上一次的目标位置为:[298,696]
上一次的跳跃距离为:241.127750
棋子与上次偏差为:1.632746
修正数为:0.006771
修正后的k:2.512020

棋子位置为:[296,696]
目标位置为:[451,609]
跳跃距离为:176.532145
转换系数k为:2.616741
跳完！第17次上一次的目标位置为:[188,760]
上一次的跳跃距离为:176.532145
棋子与上次偏差为:-4.320963
修正数为:-0.024477
修正后的k:2.592264

棋子位置为:[192,758]
目标位置为:[562,545]
跳跃距离为:426.684473
转换系数k为:2.187925
跳完！第18次上一次的目标位置为:[280,708]
上一次的跳跃距离为:426.684473
棋子与上次偏差为:20.398938
修正数为:0.047808
修正后的k:2.235733

棋子位置为:[262,718]
目标位置为:[470,598]
跳跃距离为:240.125286
转换系数k为:2.512020
跳完！第19次上一次的目标位置为:[284,706]
上一次的跳跃距离为:240.125286
棋子与上次偏差为:0.000000
修正数为:0.000000
修正后的k:2.512020

棋子位置为:[284,706]
目标位置为:[466,600]
跳跃距离为:211.112384
转换系数k为:2.526062
跳完！第20次上一次的目标位置为:[472,710]
上一次的跳跃距离为:211.112384
棋子与上次偏差为:-1.414857
修正数为:-0.006702
修正后的k:2.519360

棋子位置为:[472,709]
目标位置为:[277,596]
跳跃距离为:225.618204
转换系数k为:2.483287
跳完！第21次上一次的目标位置为:[214,746]
上一次的跳跃距离为:225.618204
棋子与上次偏差为:6.481444
修正数为:0.023845
修正后的k:2.507132

棋子位置为:[220,749]
目标位置为:[536,560]
跳跃距离为:371.560967
转换系数k为:2.282264
跳完！第22次开始准备...准备完成！开始运行
第0次上一次的目标位置为:[224,740]
上一次的跳跃距离为:0.000000
棋子与上次偏差为:0.000000
修正数为:0.000000
修正后的k:2.900000

棋子位置为:[224,740]
目标位置为:[526,566]
跳跃距离为:348.412661
转换系数k为:2.316569
跳完！第1次上一次的目标位置为:[528,742]
上一次的跳跃距离为:348.412661
棋子与上次偏差为:-13.930547
修正数为:-0.039983
修正后的k:2.276587

棋子位置为:[540,735]
目标位置为:[221,564]
跳跃距离为:355.464995
转换系数k为:2.307993
跳完！第2次上一次的目标位置为:[534,744]
上一次的跳跃距离为:355.464995
棋子与上次偏差为:1.414857
修正数为:0.003980
修正后的k:2.311973

棋子位置为:[534,745]
目标位置为:[216,561]
跳跃距离为:367.653685
转换系数k为:2.282264
跳完！第3次上一次的目标位置为:[516,734]
上一次的跳跃距离为:367.653685
棋子与上次偏差为:1.414857
修正数为:0.003848
修正后的k:2.286112

棋子位置为:[516,735]
目标位置为:[233,571]
跳跃距离为:327.440792
转换系数k为:2.359451
跳完！第4次上一次的目标位置为:[544,750]
上一次的跳跃距离为:327.440792
棋子与上次偏差为:1.632746
修正数为:0.004986
修正后的k:2.364437

棋子位置为:[542,750]
目标位置为:[206,555]
跳跃距离为:389.050699
转换系数k为:2.247959
跳完！第5次上一次的目标位置为:[204,752]
上一次的跳跃距离为:389.050699
棋子与上次偏差为:5.355355
修正数为:0.013765
修正后的k:2.261724

棋子位置为:[208,755]
目标位置为:[546,554]
跳跃距离为:396.251397
转换系数k为:2.239383
跳完！第6次上一次的目标位置为:[502,726]
上一次的跳跃距离为:396.251397
棋子与上次偏差为:6.533956
修正数为:0.016489
修正后的k:2.255872

棋子位置为:[498,730]
目标位置为:[247,579]
跳跃距离为:296.026125
转换系数k为:2.410909
跳完！第7次上一次的目标位置为:[180,766]
上一次的跳跃距离为:296.026125
棋子与上次偏差为:0.000000
修正数为:0.000000
修正后的k:2.410909

棋子位置为:[180,766]
目标位置为:[570,540]
跳跃距离为:451.236408
转换系数k为:2.200000
跳完！第8次上一次的目标位置为:[252,724]
上一次的跳跃距离为:451.236408
棋子与上次偏差为:13.930547
修正数为:0.030872
修正后的k:2.230872

棋子位置为:[240,731]
目标位置为:[498,582]
跳跃距离为:298.001656
转换系数k为:2.402333
跳完！第9次上一次的目标位置为:[548,752]
上一次的跳跃距离为:298.001656
棋子与上次偏差为:1.632746
修正数为:0.005479
修正后的k:2.407812

棋子位置为:[550,752]
目标位置为:[202,553]
跳跃距离为:399.982073
转换系数k为:2.200000
跳完！第10次上一次的目标位置为:[236,732]
上一次的跳跃距离为:399.982073
棋子与上次偏差为:18.241778
修正数为:0.045606
修正后的k:2.245606

棋子位置为:[252,741]
目标位置为:[513,573]
跳跃距离为:319.217237
转换系数k为:2.368027
跳完！第11次上一次的目标位置为:[196,756]
上一次的跳跃距离为:319.217237
棋子与上次偏差为:1.632746
修正数为:0.005115
修正后的k:2.373142

棋子位置为:[198,756]
目标位置为:[554,549]
跳跃距离为:412.602840
转换系数k为:2.200000
跳完！第12次上一次的目标位置为:[280,708]
上一次的跳跃距离为:412.602840
棋子与上次偏差为:6.481444
修正数为:0.015709
修正后的k:2.215709

棋子位置为:[274,711]
目标位置为:[469,598]
跳跃距离为:225.618204
转换系数k为:2.530978
跳完！第13次上一次的目标位置为:[212,748]
上一次的跳跃距离为:225.618204
棋子与上次偏差为:-7.484776
修正数为:-0.033175
修正后的k:2.497803

棋子位置为:[218,744]
目标位置为:[538,558]
跳跃距离为:370.811257
转换系数k为:2.286112
跳完！第14次上一次的目标位置为:[304,694]
上一次的跳跃距离为:370.811257
棋子与上次偏差为:-2.160481
修正数为:-0.005826
修正后的k:2.280286

棋子位置为:[306,693]
目标位置为:[446,612]
跳跃距离为:161.853812
转换系数k为:2.642470
跳完！第15次上一次的目标位置为:[474,710]
上一次的跳跃距离为:161.853812
棋子与上次偏差为:1.414857
修正数为:0.008742
修正后的k:2.651212

棋子位置为:[474,711]
目标位置为:[276,595]
跳跃距离为:230.357520
转换系数k为:2.522401
跳完！第16次上一次的目标位置为:[216,744]
上一次的跳跃距离为:230.357520
棋子与上次偏差为:-3.558828
修正数为:-0.015449
修正后的k:2.506952

棋子位置为:[212,743]
目标位置为:[534,561]
跳跃距离为:367.981042
转换系数k为:2.280286
跳完！第17次上一次的目标位置为:[548,752]
上一次的跳跃距离为:367.981042
棋子与上次偏差为:-2.160481
修正数为:-0.005871
修正后的k:2.274415

棋子位置为:[550,751]
目标位置为:[202,553]
跳跃距离为:398.987387
转换系数k为:2.245606
跳完！第18次上一次的目标位置为:[558,758]
上一次的跳跃距离为:398.987387
棋子与上次偏差为:6.533956
修正数为:0.016376
修正后的k:2.261983

棋子位置为:[562,762]
目标位置为:[191,547]
跳跃距离为:429.263379
转换系数k为:2.200000
跳完！第19次上一次的目标位置为:[474,710]
上一次的跳跃距离为:429.263379
棋子与上次偏差为:14.969552
修正数为:0.034873
修正后的k:2.234873

棋子位置为:[486,718]
目标位置为:[275,595]
跳跃距离为:244.861648
转换系数k为:2.496672
跳完！第20次上一次的目标位置为:[470,708]
上一次的跳跃距离为:244.861648
棋子与上次偏差为:-10.802407
修正数为:-0.044116
修正后的k:2.452556

棋子位置为:[460,703]
目标位置为:[280,598]
跳跃距离为:208.958211
转换系数k为:2.556707
跳完！第21次上一次的目标位置为:[280,708]
上一次的跳跃距离为:208.958211
棋子与上次偏差为:1.414857
修正数为:0.006771
修正后的k:2.563478

棋子位置为:[280,709]
目标位置为:[470,598]
跳跃距离为:220.734713
转换系数k为:2.539554
跳完！第22次上一次的目标位置为:[510,730]
上一次的跳跃距离为:220.734713
棋子与上次偏差为:-7.789103
修正数为:-0.035287
修正后的k:2.504267

棋子位置为:[518,727]
目标位置为:[240,575]
跳跃距离为:312.661368
转换系数k为:2.376604
跳完！第23次上一次的目标位置为:[494,720]
上一次的跳跃距离为:312.661368
棋子与上次偏差为:3.265491
修正数为:0.010444
修正后的k:2.387048

棋子位置为:[490,720]
目标位置为:[256,585]
跳跃距离为:270.140946
转换系数k为:2.453791
跳完！第24次上一次的目标位置为:[470,708]
上一次的跳跃距离为:270.140946
棋子与上次偏差为:-2.160481
修正数为:-0.007998
修正后的k:2.445793

棋子位置为:[468,707]
目标位置为:[280,598]
跳跃距离为:217.575654
转换系数k为:2.504267
跳完！第25次上一次的目标位置为:[490,720]
上一次的跳跃距离为:217.575654
棋子与上次偏差为:2.160481
修正数为:0.009930
修正后的k:2.514197

棋子位置为:[492,721]
目标位置为:[259,586]
跳跃距离为:269.564263
转换系数k为:2.445793
跳完！第26次上一次的目标位置为:[288,704]
上一次的跳跃距离为:269.564263
棋子与上次偏差为:-12.962888
修正数为:-0.048088
修正后的k:2.397705

棋子位置为:[276,698]
目标位置为:[462,602]
跳跃距离为:203.729710
转换系数k为:2.565283
跳完！第27次上一次的目标位置为:[554,756]
上一次的跳跃距离为:203.729710
棋子与上次偏差为:2.160481
修正数为:0.010605
修正后的k:2.575888

棋子位置为:[552,757]
目标位置为:[196,550]
跳跃距离为:412.602840
转换系数k为:2.215709
跳完！第28次上一次的目标位置为:[186,762]
上一次的跳跃距离为:412.602840
棋子与上次偏差为:4.320963
修正数为:0.010472
修正后的k:2.226181

棋子位置为:[190,764]
目标位置为:[563,544]
跳跃距离为:435.445416
转换系数k为:2.200000
跳完！第29次上一次的目标位置为:[222,740]
上一次的跳跃距离为:435.445416
棋子与上次偏差为:13.955753
修正数为:0.032049
修正后的k:2.232049

棋子位置为:[212,748]
目标位置为:[527,565]
跳跃距离为:364.923207
转换系数k为:2.290840
跳完！第30次上一次的目标位置为:[272,712]
上一次的跳跃距离为:364.923207
棋子与上次偏差为:1.414857
修正数为:0.003877
修正后的k:2.294718

棋子位置为:[272,713]
目标位置为:[478,593]
跳跃距离为:238.973472
转换系数k为:2.505249
跳完！第31次上一次的目标位置为:[472,708]
上一次的跳跃距离为:238.973472
棋子与上次偏差为:-5.656855
修正数为:-0.023671
修正后的k:2.481577

棋子位置为:[478,706]
目标位置为:[278,597]
跳跃距离为:224.593463
转换系数k为:2.497803
跳完！第32次上一次的目标位置为:[544,750]
上一次的跳跃距离为:224.593463
棋子与上次偏差为:3.266978
修正数为:0.014546
修正后的k:2.512349

棋子位置为:[546,752]
目标位置为:[206,555]
跳跃距离为:393.359880
转换系数k为:2.255872
跳完！第33次上一次的目标位置为:[478,712]
上一次的跳跃距离为:393.359880
棋子与上次偏差为:5.355355
修正数为:0.013614
修正后的k:2.269486

棋子位置为:[482,715]
目标位置为:[272,593]
跳跃距离为:243.282138
转换系数k为:2.452556
跳完！第34次上一次的目标位置为:[298,698]
上一次的跳跃距离为:243.282138
棋子与上次偏差为:0.000000
修正数为:0.000000
修正后的k:2.452556

棋子位置为:[298,698]
目标位置为:[452,608]
跳跃距离为:178.943086
转换系数k为:2.608165
跳完！第35次上一次的目标位置为:[238,732]
上一次的跳跃距离为:178.943086
棋子与上次偏差为:2.160481
修正数为:0.012074
修正后的k:2.620238

棋子位置为:[236,733]
目标位置为:[512,573]
跳跃距离为:319.398240
转换系数k为:2.373142
跳完！第36次上一次的目标位置为:[436,688]
上一次的跳跃距离为:319.398240
棋子与上次偏差为:4.320963
修正数为:0.013528
修正后的k:2.386671

棋子位置为:[432,690]
目标位置为:[314,618]
跳跃距离为:140.204477
转换系数k为:2.676775
跳完！第37次上一次的目标位置为:[224,740]
上一次的跳跃距离为:140.204477
棋子与上次偏差为:6.533956
修正数为:0.046603
修正后的k:2.723378

棋子位置为:[228,744]
目标位置为:[526,565]
跳跃距离为:351.176712
转换系数k为:2.276587
跳完！第38次上一次的目标位置为:[310,690]
上一次的跳跃距离为:351.176712
棋子与上次偏差为:-6.481444
修正数为:-0.018456
修正后的k:2.258130

棋子位置为:[316,687]
目标位置为:[439,616]
跳跃距离为:142.035646
转换系数k为:2.723378
跳完！第39次上一次的目标位置为:[268,714]
上一次的跳跃距离为:142.035646
棋子与上次偏差为:7.484776
修正数为:0.052696
修正后的k:2.776075

棋子位置为:[262,718]
目标位置为:[481,591]
跳跃距离为:253.479163
转换系数k为:2.479520
跳完！第40次上一次的目标位置为:[188,760]
上一次的跳跃距离为:253.479163
棋子与上次偏差为:3.266978
修正数为:0.012889
修正后的k:2.492408

棋子位置为:[186,762]
目标位置为:[562,545]
跳跃距离为:434.149591
转换系数k为:2.232049
跳完！第41次上一次的目标位置为:[294,700]
上一次的跳跃距离为:434.149591
棋子与上次偏差为:2.160481
修正数为:0.004976
修正后的k:2.237026

棋子位置为:[292,701]
目标位置为:[456,606]
跳跃距离为:189.714707
转换系数k为:2.591012
跳完！第42次上一次的目标位置为:[480,714]
上一次的跳跃距离为:189.714707
棋子与上次偏差为:5.355355
修正数为:0.028228
修正后的k:2.619240

棋子位置为:[476,717]
目标位置为:[269,592]
跳跃距离为:244.613576
转换系数k为:2.452556
跳完！第43次上一次的目标位置为:[208,748]
上一次的跳跃距离为:244.613576
棋子与上次偏差为:-5.656855
修正数为:-0.023126
修正后的k:2.429430

棋子位置为:[202,746]
目标位置为:[542,557]
跳跃距离为:385.422326
转换系数k为:2.256535
跳完！第44次上一次的目标位置为:[560,760]
上一次的跳跃距离为:385.422326
棋子与上次偏差为:-2.160481
修正数为:-0.005605
修正后的k:2.250930

棋子位置为:[562,759]
目标位置为:[190,546]
跳跃距离为:427.841878
转换系数k为:2.234873
跳完！第45次上一次的目标位置为:[440,690]
上一次的跳跃距离为:427.841878
棋子与上次偏差为:7.484776
修正数为:0.017494
修正后的k:2.252367

棋子位置为:[446,694]
目标位置为:[309,615]
跳跃距离为:158.120971
转换系数k为:2.651212
跳完！第46次上一次的目标位置为:[488,718]
上一次的跳跃距离为:158.120971
棋子与上次偏差为:3.266978
修正数为:0.020661
修正后的k:2.671873

棋子位置为:[490,720]
目标位置为:[261,587]
跳跃距离为:265.255140
转换系数k为:2.462367
跳完！第47次上一次的目标位置为:[492,720]
上一次的跳跃距离为:265.255140
棋子与上次偏差为:-6.481444
修正数为:-0.024435
修正后的k:2.437932

棋子位置为:[486,717]
目标位置为:[258,585]
跳跃距离为:263.676377
转换系数k为:2.437932
跳完！第48次上一次的目标位置为:[266,716]
上一次的跳跃距离为:263.676377
棋子与上次偏差为:-5.656855
修正数为:-0.021454
修正后的k:2.416479

棋子位置为:[260,714]
目标位置为:[484,590]
跳跃距离为:253.417705
转换系数k为:2.492408
跳完！第49次上一次的目标位置为:[520,736]
上一次的跳跃距离为:253.417705
棋子与上次偏差为:-7.789103
修正数为:-0.030736
修正后的k:2.461672

棋子位置为:[528,733]
目标位置为:[230,569]
跳跃距离为:336.192966
转换系数k为:2.342298
跳完！第50次上一次的目标位置为:[510,732]
上一次的跳跃距离为:336.192966
棋子与上次偏差为:5.656855
修正数为:0.016826
修正后的k:2.359125

棋子位置为:[516,734]
目标位置为:[239,574]
跳跃距离为:319.974671
转换系数k为:2.386671
跳完！第51次上一次的目标位置为:[490,720]
上一次的跳跃距离为:319.974671
棋子与上次偏差为:-3.266978
修正数为:-0.010210
修正后的k:2.376461

棋子位置为:[488,718]
目标位置为:[260,586]
跳跃距离为:263.676377
转换系数k为:2.416479
跳完！第52次上一次的目标位置为:[512,732]
上一次的跳跃距离为:263.676377
棋子与上次偏差为:1.414857
修正数为:0.005366
修正后的k:2.421844

棋子位置为:[512,733]
目标位置为:[238,574]
跳跃距离为:317.243666
转换系数k为:2.387048
跳完！第53次上一次的目标位置为:[266,716]
上一次的跳跃距离为:317.243666
棋子与上次偏差为:2.160481
修正数为:0.006810
修正后的k:2.393858

棋子位置为:[268,717]
目标位置为:[484,590]
跳跃距离为:251.757721
转换系数k为:2.488096
跳完！第54次上一次的目标位置为:[450,696]
上一次的跳跃距离为:251.757721
棋子与上次偏差为:-2.829715
修正数为:-0.011240
修正后的k:2.476856

棋子位置为:[450,694]
目标位置为:[300,610]
跳跃距离为:170.646726
转换系数k为:2.625317
跳完！第55次上一次的目标位置为:[298,698]
上一次的跳跃距离为:170.646726
棋子与上次偏差为:-2.160481
修正数为:-0.012661
修正后的k:2.612657

棋子位置为:[296,697]
目标位置为:[452,608]
跳跃距离为:179.096370
转换系数k为:2.620238
跳完！第56次上一次的目标位置为:[208,750]
上一次的跳跃距离为:179.096370
棋子与上次偏差为:8.641925
修正数为:0.048253
修正后的k:2.668491

棋子位置为:[200,754]
目标位置为:[542,556]
跳跃距离为:395.514566
转换系数k为:2.269486
跳完！第57次上一次的目标位置为:[256,722]
上一次的跳跃距离为:395.514566
棋子与上次偏差为:-4.320963
修正数为:-0.010925
修正后的k:2.258561

棋子位置为:[260,720]
目标位置为:[494,584]
跳跃距离为:271.143181
转换系数k为:2.397705
跳完！第58次上一次的目标位置为:[480,714]
上一次的跳跃距离为:271.143181
棋子与上次偏差为:3.266978
修正数为:0.012049
修正后的k:2.409754

棋子位置为:[478,716]
目标位置为:[269,592]
跳跃距离为:244.728107
转换系数k为:2.429430
跳完！第59次上一次的目标位置为:[562,760]
上一次的跳跃距离为:244.728107
棋子与上次偏差为:8.604549
修正数为:0.011563
修正后的k:2.440993

棋子位置为:[568,765]
目标位置为:[188,545]
跳跃距离为:439.460629
转换系数k为:2.200000
跳完！第60次上一次的目标位置为:[500,724]
上一次的跳跃距离为:439.460629
棋子与上次偏差为:14.969552
修正数为:0.034063
修正后的k:2.234063

棋子位置为:[512,732]
目标位置为:[250,581]
跳跃距离为:302.311637
转换系数k为:2.407812
跳完！第61次上一次的目标位置为:[278,708]
上一次的跳跃距离为:302.311637
棋子与上次偏差为:-5.656855
修正数为:-0.018712
修正后的k:2.389100

棋子位置为:[272,706]
目标位置为:[472,597]
跳跃距离为:224.593463
转换系数k为:2.512349
跳完！第62次上一次的目标位置为:[214,746]
上一次的跳跃距离为:224.593463
棋子与上次偏差为:-6.481444
修正数为:-0.028859
修正后的k:2.483491

棋子位置为:[220,743]
目标位置为:[535,560]
跳跃距离为:364.923207
转换系数k为:2.294718
跳完！第63次上一次的目标位置为:[458,700]
上一次的跳跃距离为:364.923207
棋子与上次偏差为:2.160481
修正数为:0.005920
修正后的k:2.300638

棋子位置为:[456,701]
目标位置为:[292,605]
跳跃距离为:190.719737
转换系数k为:2.619240
跳完！第64次上一次的目标位置为:[196,756]
上一次的跳跃距离为:190.719737
棋子与上次偏差为:2.160481
修正数为:0.011328
修正后的k:2.630569

棋子位置为:[198,757]
目标位置为:[553,550]
跳跃距离为:412.028211
转换系数k为:2.200000
跳完！第65次上一次的目标位置为:[288,704]
上一次的跳跃距离为:412.028211
棋子与上次偏差为:8.641925
修正数为:0.020974
修正后的k:2.220974

棋子位置为:[280,708]
目标位置为:[462,602]
跳跃距离为:211.112384
转换系数k为:2.563478
跳完！第66次上一次的目标位置为:[254,722]
上一次的跳跃距离为:211.112384
棋子与上次偏差为:4.547775
修正数为:0.021542
修正后的k:2.585020

棋子位置为:[252,725]
目标位置为:[496,583]
跳跃距离为:282.919359
转换系数k为:2.428062
跳完！第67次上一次的目标位置为:[304,694]
上一次的跳跃距离为:282.919359
棋子与上次偏差为:-4.320963
修正数为:-0.015273
修正后的k:2.412789

棋子位置为:[308,692]
目标位置为:[445,612]
跳跃距离为:159.124263
转换系数k为:2.671873
跳完！第68次上一次的目标位置为:[270,714]
上一次的跳跃距离为:159.124263
棋子与上次偏差为:-3.266978
修正数为:-0.020531
修正后的k:2.651342

棋子位置为:[272,712]
目标位置为:[480,592]
跳跃距离为:240.125286
转换系数k为:2.481577
跳完！第69次上一次的目标位置为:[508,730]
上一次的跳跃距离为:240.125286
棋子与上次偏差为:5.355355
修正数为:0.011836
修正后的k:2.493413

棋子位置为:[504,733]
目标位置为:[242,576]
跳跃距离为:308.369409
转换系数k为:2.385180
跳完！第70次上一次的目标位置为:[314,688]
上一次的跳跃距离为:308.369409
棋子与上次偏差为:5.355355
修正数为:0.017367
修正后的k:2.402547

棋子位置为:[318,691]
目标位置为:[436,617]
跳跃距离为:142.273776
转换系数k为:2.776075
跳完！第71次上一次的目标位置为:[446,694]
上一次的跳跃距离为:142.273776
棋子与上次偏差为:-8.641925
修正数为:-0.060742
修正后的k:2.715333

棋子位置为:[454,690]
目标位置为:[303,611]
跳跃距离为:166.401401
转换系数k为:2.633894
跳完！第72次上一次的目标位置为:[458,700]
上一次的跳跃距离为:166.401401
棋子与上次偏差为:-3.558828
修正数为:-0.021387
修正后的k:2.612507

棋子位置为:[454,699]
目标位置为:[292,605]
跳跃距离为:187.560100
转换系数k为:2.630569
跳完！第73次上一次的目标位置为:[512,732]
上一次的跳跃距离为:187.560100
棋子与上次偏差为:-2.160481
修正数为:-0.011519
修正后的k:2.619050

棋子位置为:[510,731]
目标位置为:[237,573]
跳跃距离为:315.665028
转换系数k为:2.393858
跳完！第74次上一次的目标位置为:[514,732]
上一次的跳跃距离为:315.665028
棋子与上次偏差为:-9.933559
修正数为:-0.031469
修正后的k:2.362389

棋子位置为:[504,728]
目标位置为:[236,573]
跳跃距离为:309.777199
转换系数k为:2.402547
跳完！第75次上一次的目标位置为:[236,734]
上一次的跳跃距离为:309.777199
棋子与上次偏差为:-6.481444
修正数为:-0.020923
修正后的k:2.381624

棋子位置为:[230,731]
目标位置为:[514,572]
跳跃距离为:323.051722
转换系数k为:2.364437
跳完！第76次上一次的目标位置为:[550,754]
上一次的跳跃距离为:323.051722
棋子与上次偏差为:2.160481
修正数为:0.006688
修正后的k:2.371125

棋子位置为:[548,755]
目标位置为:[200,552]
跳跃距离为:403.985876
转换系数k为:2.200000
跳完！第77次上一次的目标位置为:[532,744]
上一次的跳跃距离为:403.985876
棋子与上次偏差为:11.777607
修正数为:0.029154
修正后的k:2.229154

棋子位置为:[542,750]
目标位置为:[217,562]
跳跃距离为:375.696286
转换系数k为:2.273688
跳完！第78次上一次的目标位置为:[514,732]
上一次的跳跃距离为:375.696286
棋子与上次偏差为:8.604549
修正数为:0.022903
修正后的k:2.296591

棋子位置为:[520,737]
目标位置为:[236,573]
跳跃距离为:328.017313
转换系数k为:2.350875
跳完！第79次上一次的目标位置为:[530,742]
上一次的跳跃距离为:328.017313
棋子与上次偏差为:6.533956
修正数为:0.019920
修正后的k:2.370794

棋子位置为:[534,746]
目标位置为:[219,563]
跳跃距离为:364.923207
转换系数k为:2.300638
跳完！第80次上一次的目标位置为:[252,724]
上一次的跳跃距离为:364.923207
棋子与上次偏差为:1.414857
修正数为:0.003877
修正后的k:2.304515

棋子位置为:[252,725]
目标位置为:[498,581]
跳跃距离为:286.079605
转换系数k为:2.412789
跳完！第81次发现唱片的存在！上一次的目标位置为:[480,714]
上一次的跳跃距离为:286.079605
棋子与上次偏差为:-5.656855
修正数为:-0.019774
修正后的k:2.393015

棋子位置为:[486,712]
目标位置为:[269,592]
跳跃距离为:245.375996
转换系数k为:2.440993
跳完！第82次上一次的目标位置为:[264,716]
上一次的跳跃距离为:245.375996
棋子与上次偏差为:5.355355
修正数为:0.005781
修正后的k:2.446775

棋子位置为:[268,719]
目标位置为:[485,589]
跳跃距离为:255.370190
转换系数k为:2.461672
跳完！第83次上一次的目标位置为:[328,680]
上一次的跳跃距离为:255.370190
棋子与上次偏差为:-7.484776
修正数为:-0.029310
修正后的k:2.432363

棋子位置为:[334,676]
目标位置为:[422,626]
跳跃距离为:100.824875
转换系数k为:2.745386
跳完！第84次上一次的目标位置为:[238,732]
上一次的跳跃距离为:100.824875
棋子与上次偏差为:5.355355
修正数为:0.053115
修正后的k:2.798501

棋子位置为:[234,735]
目标位置为:[511,574]
跳跃距离为:320.977219
转换系数k为:2.376461
跳完！第85次上一次的目标位置为:[508,730]
上一次的跳跃距离为:320.977219
棋子与上次偏差为:-6.481444
修正数为:-0.020193
修正后的k:2.356268

棋子位置为:[514,727]
目标位置为:[242,576]
跳跃距离为:308.141601
转换系数k为:2.381624
跳完！第86次上一次的目标位置为:[450,696]
上一次的跳跃距离为:308.141601
棋子与上次偏差为:-2.160481
修正数为:-0.007011
修正后的k:2.374613

棋子位置为:[448,695]
目标位置为:[299,609]
跳跃距离为:172.051306
转换系数k为:2.612657
跳完！第87次上一次的目标位置为:[528,742]
上一次的跳跃距离为:172.051306
棋子与上次偏差为:4.320963
修正数为:0.006330
修正后的k:2.618987

棋子位置为:[532,744]
目标位置为:[221,564]
跳跃距离为:359.611090
转换系数k为:2.299417
跳完！第88次上一次的目标位置为:[504,728]
上一次的跳跃距离为:359.611090
棋子与上次偏差为:-4.320963
修正数为:-0.012016
修正后的k:2.287401

棋子位置为:[500,726]
目标位置为:[246,578]
跳跃距离为:294.695650
转换系数k为:2.410909
跳完！第89次上一次的目标位置为:[194,758]
上一次的跳跃距离为:294.695650
棋子与上次偏差为:-3.558828
修正数为:-0.012076
修正后的k:2.398833

棋子位置为:[190,757]
目标位置为:[556,548]
跳跃距离为:420.378987
转换系数k为:2.200000
跳完！第90次上一次的目标位置为:[472,708]
上一次的跳跃距离为:420.378987
棋子与上次偏差为:16.066065
修正数为:0.038218
修正后的k:2.238218

棋子位置为:[460,717]
目标位置为:[278,597]
跳跃距离为:225.615165
转换系数k为:2.483491
跳完！第91次上一次的目标位置为:[318,686]
上一次的跳跃距离为:225.615165
棋子与上次偏差为:11.777607
修正数为:0.052202
修正后的k:2.535693

棋子位置为:[328,692]
目标位置为:[431,620]
跳跃距离为:132.090748
转换系数k为:2.693928
跳完！第92次上一次的目标位置为:[480,714]
上一次的跳跃距离为:132.090748
棋子与上次偏差为:3.266978
修正数为:0.024733
修正后的k:2.718661

棋子位置为:[478,716]
目标位置为:[270,592]
跳跃距离为:244.159642
转换系数k为:2.446775
跳完！第93次上一次的目标位置为:[214,746]
上一次的跳跃距离为:244.159642
棋子与上次偏差为:-5.355355
修正数为:-0.021934
修正后的k:2.424841

棋子位置为:[210,743]
目标位置为:[535,560]
跳跃距离为:370.721351
转换系数k为:2.274415
跳完！第94次上一次的目标位置为:[280,708]
上一次的跳跃距离为:370.721351
棋子与上次偏差为:2.160481
修正数为:0.002936
修正后的k:2.277351

棋子位置为:[278,709]
目标位置为:[470,598]
跳跃距离为:221.885089
转换系数k为:2.514197
跳完！第95次上一次的目标位置为:[252,724]
上一次的跳跃距离为:221.885089
棋子与上次偏差为:2.160481
修正数为:0.009737
修正后的k:2.523934

棋子位置为:[250,725]
目标位置为:[498,581]
跳跃距离为:287.228146
转换系数k为:2.393015
跳完！第96次上一次的目标位置为:[534,744]
上一次的跳跃距离为:287.228146
棋子与上次偏差为:1.632746
修正数为:0.005684
修正后的k:2.398700

棋子位置为:[536,744]
目标位置为:[215,561]
跳跃距离为:368.391335
转换系数k为:2.277351
跳完！第97次上一次的目标位置为:[290,702]
上一次的跳跃距离为:368.391335
棋子与上次偏差为:1.414857
修正数为:0.001468
修正后的k:2.278818

棋子位置为:[290,703]
目标位置为:[460,604]
跳跃距离为:197.181842
转换系数k为:2.582436
跳完！第98次上一次的目标位置为:[474,710]
上一次的跳跃距离为:197.181842
棋子与上次偏差为:3.558828
修正数为:0.018048
修正后的k:2.600484

棋子位置为:[470,711]
目标位置为:[276,596]
跳跃距离为:227.061996
转换系数k为:2.535693
跳完！第99次上一次的目标位置为:[506,728]
上一次的跳跃距离为:227.061996
棋子与上次偏差为:-24.714998
修正数为:-0.108847
修正后的k:2.426846

棋子位置为:[484,716]
目标位置为:[244,577]
跳跃距离为:277.606831
转换系数k为:2.436638
跳完！第100次上一次的目标位置为:[538,746]
上一次的跳跃距离为:277.606831
棋子与上次偏差为:-12.962888
修正数为:-0.046695
修正后的k:2.389943

棋子位置为:[526,740]
目标位置为:[212,559]
跳跃距离为:362.342952
转换系数k为:2.287401
跳完！第101次上一次的目标位置为:[536,746]
上一次的跳跃距离为:362.342952
棋子与上次偏差为:0.000000
修正数为:0.000000
修正后的k:2.287401

棋子位置为:[536,746]
目标位置为:[214,560]
跳跃距离为:371.963344
转换系数k为:2.278818
跳完！第102次上一次的目标位置为:[212,748]
上一次的跳跃距离为:371.963344
棋子与上次偏差为:7.484776
修正数为:0.000734
修正后的k:2.279552

棋子位置为:[218,752]
目标位置为:[538,558]
跳跃距离为:378.928129
转换系数k为:2.265111
跳完！第103次上一次的目标位置为:[434,686]
上一次的跳跃距离为:378.928129
棋子与上次偏差为:-4.320963
修正数为:-0.011403
修正后的k:2.253708

棋子位置为:[438,684]
目标位置为:[316,619]
跳跃距离为:135.563101
转换系数k为:2.685352
跳完！第104次上一次的目标位置为:[558,758]
上一次的跳跃距离为:135.563101
棋子与上次偏差为:1.414857
修正数为:0.010437
修正后的k:2.695789

棋子位置为:[558,759]
目标位置为:[192,547]
跳跃距离为:423.375476
转换系数k为:2.200000
跳完！第105次上一次的目标位置为:[540,748]
上一次的跳跃距离为:423.375476
棋子与上次偏差为:12.834941
修正数为:0.030316
修正后的k:2.230316

棋子位置为:[550,755]
目标位置为:[210,557]
跳跃距离为:394.363683
转换系数k为:2.258561
跳完！第106次上一次的目标位置为:[566,764]
上一次的跳跃距离为:394.363683
棋子与上次偏差为:6.481444
修正数为:0.005462
修正后的k:2.264024

棋子位置为:[572,767]
目标位置为:[184,542]
跳跃距离为:449.081792
转换系数k为:2.230872
跳完！第107次上一次的目标位置为:[228,738]
上一次的跳跃距离为:449.081792
棋子与上次偏差为:-5.355355
修正数为:-0.015436
修正后的k:2.215436

棋子位置为:[224,735]
目标位置为:[521,568]
跳跃距离为:338.551285
转换系数k为:2.333722
跳完！第108次上一次的目标位置为:[478,712]
上一次的跳跃距离为:338.551285
棋子与上次偏差为:6.533956
修正数为:0.019300
修正后的k:2.353022

棋子位置为:[474,716]
目标位置为:[271,593]
跳跃距离为:240.312081
转换系数k为:2.493413
跳完！第109次上一次的目标位置为:[256,722]
上一次的跳跃距离为:240.312081
棋子与上次偏差为:-8.641925
修正数为:-0.035961
修正后的k:2.457452

棋子位置为:[248,718]
目标位置为:[494,584]
跳跃距离为:276.181962
转换系数k为:2.445214
跳完！第110次上一次的目标位置为:[294,700]
上一次的跳跃距离为:276.181962
棋子与上次偏差为:2.160481
修正数为:0.007823
修正后的k:2.453037

棋子位置为:[292,701]
目标位置为:[456,606]
跳跃距离为:189.714707
转换系数k为:2.619050
跳完！第111次上一次的目标位置为:[194,758]
上一次的跳跃距离为:189.714707
棋子与上次偏差为:4.320963
修正数为:0.005759
修正后的k:2.624809

棋子位置为:[190,760]
目标位置为:[556,548]
跳跃距离为:423.375476
转换系数k为:2.230316
跳完！第112次上一次的目标位置为:[544,750]
上一次的跳跃距离为:423.375476
棋子与上次偏差为:10.802407
修正数为:0.025515
修正后的k:2.255831

棋子位置为:[534,755]
目标位置为:[206,555]
跳跃距离为:389.581551
转换系数k为:2.261724
跳完！第113次上一次的目标位置为:[476,712]
上一次的跳跃距离为:389.581551
棋子与上次偏差为:-1.414857
修正数为:-0.006883
修正后的k:2.254841

棋子位置为:[476,711]
目标位置为:[274,594]
跳跃距离为:233.660769
转换系数k为:2.513825
跳完！第114次上一次的目标位置为:[544,750]
上一次的跳跃距离为:233.660769
棋子与上次偏差为:1.632746
修正数为:0.006988
修正后的k:2.520813

棋子位置为:[542,750]
目标位置为:[206,555]
跳跃距离为:389.050699
转换系数k为:2.254841
跳完！第115次上一次的目标位置为:[512,732]
上一次的跳跃距离为:389.050699
棋子与上次偏差为:-6.481444
修正数为:-0.016660
修正后的k:2.238182

棋子位置为:[506,729]
目标位置为:[238,574]
跳跃距离为:309.777199
转换系数k为:2.374613
跳完！第116次上一次的目标位置为:[310,690]
上一次的跳跃距离为:309.777199
棋子与上次偏差为:1.632746
修正数为:0.003506
修正后的k:2.378118

棋子位置为:[308,690]
目标位置为:[440,615]
跳跃距离为:151.237312
转换系数k为:2.659623
跳完！第117次上一次的目标位置为:[518,736]
上一次的跳跃距离为:151.237312
棋子与上次偏差为:2.160481
修正数为:0.014285
修正后的k:2.673908

棋子位置为:[516,737]
目标位置为:[232,570]
跳跃距离为:331.033482
转换系数k为:2.370794
跳完！第118次上一次的目标位置为:[280,708]
上一次的跳跃距离为:331.033482
棋子与上次偏差为:1.414857
修正数为:0.004274
修正后的k:2.375068

棋子位置为:[280,709]
目标位置为:[470,598]
跳跃距离为:220.734713
转换系数k为:2.523934
跳完！第119次上一次的目标位置为:[502,726]
上一次的跳跃距离为:220.734713
棋子与上次偏差为:3.266978
修正数为:0.007810
修正后的k:2.531744

棋子位置为:[500,728]
目标位置为:[248,579]
跳跃距离为:294.560020
转换系数k为:2.398833
跳完！第120次上一次的目标位置为:[200,754]
上一次的跳跃距离为:294.560020
棋子与上次偏差为:-7.789103
修正数为:-0.026443
修正后的k:2.372390

棋子位置为:[192,751]
目标位置为:[550,551]
跳跃距离为:406.804160
转换系数k为:2.229154
跳完！第121次上一次的目标位置为:[252,724]
上一次的跳跃距离为:406.804160
棋子与上次偏差为:11.777607
修正数为:0.028952
修正后的k:2.258105

棋子位置为:[242,730]
目标位置为:[498,582]
跳跃距离为:295.846785
转换系数k为:2.372390
跳完！第122次上一次的目标位置为:[228,738]
上一次的跳跃距离为:295.846785
棋子与上次偏差为:0.000000
修正数为:0.000000
修正后的k:2.372390

棋子位置为:[228,738]
目标位置为:[522,567]
跳跃距离为:340.795825
转换系数k为:2.353022
跳完！第123次上一次的目标位置为:[560,760]
上一次的跳跃距离为:340.795825
棋子与上次偏差为:1.632746
修正数为:0.004791
修正后的k:2.357813

棋子位置为:[562,760]
目标位置为:[189,546]
跳跃距离为:429.418172
转换系数k为:2.252367
跳完！第124次上一次的目标位置为:[266,716]
上一次的跳跃距离为:429.418172
棋子与上次偏差为:6.481444
修正数为:0.015094
修正后的k:2.267460

棋子位置为:[272,719]
目标位置为:[483,590]
跳跃距离为:250.966095
转换系数k为:2.476856
跳完！第125次上一次的目标位置为:[486,716]
上一次的跳跃距离为:250.966095
棋子与上次偏差为:-3.558828
修正数为:-0.014181
修正后的k:2.462676

棋子位置为:[490,715]
目标位置为:[264,589]
跳跃距离为:256.556548
转换系数k为:2.432363
跳完！第126次上一次的目标位置为:[502,726]
上一次的跳跃距离为:256.556548
棋子与上次偏差为:-7.789103
修正数为:-0.030360
修正后的k:2.402002

棋子位置为:[494,723]
目标位置为:[248,580]
跳跃距离为:285.073706
转换系数k为:2.398700
跳完！第127次上一次的目标位置为:[420,678]
上一次的跳跃距离为:285.073706
棋子与上次偏差为:7.484776
修正数为:0.007045
修正后的k:2.405744

棋子位置为:[426,682]
目标位置为:[330,627]
跳跃距离为:110.442960
转换系数k为:2.728233
跳完！第128次上一次的目标位置为:[424,680]
上一次的跳跃距离为:110.442960
棋子与上次偏差为:11.863515
修正数为:0.107418
修正后的k:2.835651

棋子位置为:[432,687]
目标位置为:[326,625]
跳跃距离为:123.220931
转换系数k为:2.702504
跳完！第129次上一次的目标位置为:[574,768]
上一次的跳跃距离为:123.220931
棋子与上次偏差为:6.481444
修正数为:0.052600
修正后的k:2.755104

棋子位置为:[580,771]
目标位置为:[176,538]
跳跃距离为:466.320243
转换系数k为:2.200000
跳完！第130次上一次的目标位置为:[468,706]
上一次的跳跃距离为:466.320243
棋子与上次偏差为:9.628046
修正数为:0.020647
修正后的k:2.220647

棋子位置为:[476,711]
目标位置为:[282,599]
跳跃距离为:224.039973
转换系数k为:2.426846
跳完！第131次上一次的目标位置为:[446,694]
上一次的跳跃距离为:224.039973
棋子与上次偏差为:10.710710
修正数为:0.047807
修正后的k:2.474653

棋子位置为:[454,700]
目标位置为:[304,612]
跳跃距离为:174.635502
转换系数k为:2.616741
跳完！第132次上一次的目标位置为:[418,678]
上一次的跳跃距离为:174.635502
棋子与上次偏差为:4.320963
修正数为:0.024743
修正后的k:2.641484

棋子位置为:[422,680]
目标位置为:[332,628]
跳跃距离为:103.977345
转换系数k为:2.736810
跳完！第133次上一次的目标位置为:[444,692]
上一次的跳跃距离为:103.977345
棋子与上次偏差为:10.710710
修正数为:0.103010
修正后的k:2.839820

棋子位置为:[452,698]
目标位置为:[306,613]
跳跃距离为:169.320758
转换系数k为:2.618987
跳完！第134次上一次的目标位置为:[180,766]
上一次的跳跃距离为:169.320758
棋子与上次偏差为:-6.481444
修正数为:-0.038279
修正后的k:2.580708

棋子位置为:[174,763]
目标位置为:[570,540]
跳跃距离为:451.730992
转换系数k为:2.215436
跳完！第135次上一次的目标位置为:[536,746]
上一次的跳跃距离为:451.730992
棋子与上次偏差为:-1.414857
修正数为:-0.007718
修正后的k:2.207718

棋子位置为:[536,745]
目标位置为:[214,560]
跳跃距离为:370.963682
转换系数k为:2.279552
跳完！第136次上一次的目标位置为:[208,750]
上一次的跳跃距离为:370.963682
棋子与上次偏差为:-6.481444
修正数为:-0.017472
修正后的k:2.262080

棋子位置为:[202,747]
目标位置为:[542,556]
跳跃距离为:387.390958
转换系数k为:2.250930
跳完！第137次上一次的目标位置为:[274,710]
上一次的跳跃距离为:387.390958
棋子与上次偏差为:-3.558828
修正数为:-0.009187
修正后的k:2.241743

棋子位置为:[278,709]
目标位置为:[476,595]
跳跃距离为:228.350058
转换系数k为:2.506952
跳完！第138次上一次的目标位置为:[410,674]
上一次的跳跃距离为:228.350058
棋子与上次偏差为:7.484776
修正数为:0.007725
修正后的k:2.514677

棋子位置为:[404,678]
目标位置为:[339,632]
跳跃距离为:83.974206
转换系数k为:2.771115
跳完！第139次上一次的目标位置为:[556,756]
上一次的跳跃距离为:83.974206
棋子与上次偏差为:9.800934
修正数为:0.116714
修正后的k:2.887829

棋子位置为:[562,762]
目标位置为:[194,549]
跳跃距离为:425.530184
转换系数k为:2.255831
跳完！第140次上一次的目标位置为:[488,718]
上一次的跳跃距离为:425.530184
棋子与上次偏差为:-6.481444
修正数为:-0.015231
修正后的k:2.240599

棋子位置为:[482,715]
目标位置为:[262,588]
跳跃距离为:254.055632
转换系数k为:2.402002
跳完！第141次上一次的目标位置为:[430,684]
上一次的跳跃距离为:254.055632
棋子与上次偏差为:6.533956
修正数为:0.015180
修正后的k:2.417182

棋子位置为:[434,688]
目标位置为:[320,621]
跳跃距离为:132.844083
转换系数k为:2.695789
跳完！第142次上一次的目标位置为:[564,762]
上一次的跳跃距离为:132.844083
棋子与上次偏差为:5.355355
修正数为:0.040313
修正后的k:2.736102

棋子位置为:[568,765]
目标位置为:[186,544]
跳跃距离为:441.615375
转换系数k为:2.234063
跳完！第143次上一次的目标位置为:[276,710]
上一次的跳跃距离为:441.615375
棋子与上次偏差为:5.890247
修正数为:0.013338
修正后的k:2.247401

棋子位置为:[278,714]
目标位置为:[474,595]
跳跃距离为:232.272894
转换系数k为:2.514677
跳完！第144次上一次的目标位置为:[538,748]
上一次的跳跃距离为:232.272894
棋子与上次偏差为:2.160481
修正数为:0.003862
修正后的k:2.518539

棋子位置为:[536,749]
目标位置为:[211,558]
跳跃距离为:378.713309
转换系数k为:2.253708
跳完！第145次上一次的目标位置为:[256,722]
上一次的跳跃距离为:378.713309
棋子与上次偏差为:2.160481
修正数为:0.005702
修正后的k:2.259410

棋子位置为:[258,723]
目标位置为:[494,584]
跳跃距离为:275.311831
转换系数k为:2.453037
跳完！第146次上一次的目标位置为:[544,750]
上一次的跳跃距离为:275.311831
棋子与上次偏差为:-12.083726
修正数为:-0.043891
修正后的k:2.409146

棋子位置为:[556,745]
目标位置为:[205,555]
跳跃距离为:392.905659
转换系数k为:2.264024
跳完！第147次上一次的目标位置为:[440,690]
上一次的跳跃距离为:392.905659
棋子与上次偏差为:5.355355
修正数为:0.002731
修正后的k:2.266755

棋子位置为:[444,693]
目标位置为:[310,615]
跳跃距离为:155.390218
转换系数k为:2.651046
跳完！第148次上一次的目标位置为:[210,748]
上一次的跳跃距离为:155.390218
棋子与上次偏差为:3.266978
修正数为:0.021024
修正后的k:2.672071

棋子位置为:[212,750]
目标位置为:[540,557]
跳跃距离为:382.448393
转换系数k为:2.259410
跳完！第149次上一次的目标位置为:[182,764]
上一次的跳跃距离为:382.448393
棋子与上次偏差为:-8.641925
修正数为:-0.022596
修正后的k:2.236814

棋子位置为:[190,760]
目标位置为:[567,542]
跳跃距离为:435.727562
转换系数k为:2.237026
跳完！第150次上一次的目标位置为:[438,688]
上一次的跳跃距离为:435.727562
棋子与上次偏差为:3.266978
修正数为:0.007498
修正后的k:2.244523

棋子位置为:[436,690]
目标位置为:[312,617]
跳跃距离为:144.621112
转换系数k为:2.668199
跳完！第151次上一次的目标位置为:[238,732]
上一次的跳跃距离为:144.621112
棋子与上次偏差为:4.547775
修正数为:0.031446
修正后的k:2.699645

棋子位置为:[240,735]
目标位置为:[512,573]
跳跃距离为:319.129313
转换系数k为:2.356268
跳完！第152次上一次的目标位置为:[528,742]
上一次的跳跃距离为:319.129313
棋子与上次偏差为:0.000000
修正数为:0.000000
修正后的k:2.356268

棋子位置为:[528,742]
目标位置为:[222,564]
跳跃距离为:354.726358
转换系数k为:2.311973
跳完！第153次上一次的目标位置为:[550,754]
上一次的跳跃距离为:354.726358
棋子与上次偏差为:0.000000
修正数为:0.000000
修正后的k:2.311973

棋子位置为:[550,754]
目标位置为:[199,551]
跳跃距离为:405.711922
转换系数k为:2.258105
跳完！第154次上一次的目标位置为:[460,702]
上一次的跳跃距离为:405.711922
棋子与上次偏差为:11.777607
修正数为:0.029029
修正后的k:2.287135

棋子位置为:[470,708]
目标位置为:[290,604]
跳跃距离为:207.954691
转换系数k为:2.585020
跳完！第155次上一次的目标位置为:[458,700]
上一次的跳跃距离为:207.954691
棋子与上次偏差为:6.533956
修正数为:0.031420
修正后的k:2.616440

棋子位置为:[462,704]
目标位置为:[292,605]
跳跃距离为:197.181842
转换系数k为:2.600484
跳完！第156次上一次的目标位置为:[446,694]
上一次的跳跃距离为:197.181842
棋子与上次偏差为:11.777607
修正数为:0.059730
修正后的k:2.660214

棋子位置为:[456,700]
目标位置为:[304,612]
跳跃距离为:175.784252
转换系数k为:2.641484
跳完！第157次上一次的目标位置为:[486,716]
上一次的跳跃距离为:175.784252
棋子与上次偏差为:2.160481
修正数为:0.012291
修正后的k:2.653774

棋子位置为:[484,717]
目标位置为:[264,589]
跳跃距离为:255.058285
转换系数k为:2.417182
跳完！第158次上一次的目标位置为:[474,710]
上一次的跳跃距离为:255.058285
棋子与上次偏差为:5.355355
修正数为:0.007590
修正后的k:2.424772

棋子位置为:[478,713]
目标位置为:[275,595]
跳跃距离为:235.239667
转换系数k为:2.520813
跳完！第159次上一次的目标位置为:[468,706]
上一次的跳跃距离为:235.239667
棋子与上次偏差为:-5.656855
修正数为:-0.024047
修正后的k:2.496766

棋子位置为:[462,704]
目标位置为:[282,599]
跳跃距离为:208.958211
转换系数k为:2.616440
跳完！第160次上一次的目标位置为:[484,716]
上一次的跳跃距离为:208.958211
棋子与上次偏差为:-6.481444
修正数为:-0.031018
修正后的k:2.585422

棋子位置为:[478,713]
目标位置为:[266,590]
跳跃距离为:245.436634
转换系数k为:2.424841
跳完！第161次上一次的目标位置为:[314,688]
上一次的跳跃距离为:245.436634
棋子与上次偏差为:7.484776
修正数为:0.010967
修正后的k:2.435808

棋子位置为:[320,692]
目标位置为:[436,617]
跳跃距离为:142.225854
转换系数k为:2.715333
跳完！第162次上一次的目标位置为:[562,760]
上一次的跳跃距离为:142.225854
棋子与上次偏差为:1.632746
修正数为:0.011480
修正后的k:2.726813

棋子位置为:[564,760]
目标位置为:[188,545]
跳跃距离为:432.153091
转换系数k为:2.267460
跳完！第163次上一次的目标位置为:[186,762]
上一次的跳跃距离为:432.153091
棋子与上次偏差为:3.266978
修正数为:0.007560
修正后的k:2.275020

棋子位置为:[188,764]
目标位置为:[564,544]
跳跃距离为:437.161590
转换系数k为:2.244523
跳完！第164次上一次的目标位置为:[242,730]
上一次的跳跃距离为:437.161590
棋子与上次偏差为:5.355355
修正数为:0.012250
修正后的k:2.256774

棋子位置为:[238,733]
目标位置为:[507,576]
跳跃距离为:312.360274
转换系数k为:2.378118
跳完！第165次上一次的目标位置为:[462,704]
上一次的跳跃距离为:312.360274
棋子与上次偏差为:-1.414857
修正数为:-0.004530
修正后的k:2.373589

棋子位置为:[462,703]
目标位置为:[288,602]
跳跃距离为:201.490601
转换系数k为:2.573859
跳完！第166次上一次的目标位置为:[460,702]
上一次的跳跃距离为:201.490601
棋子与上次偏差为:0.000000
修正数为:0.000000
修正后的k:2.573859

棋子位置为:[460,702]
目标位置为:[289,603]
跳跃距离为:197.757283
转换系数k为:2.573859
跳完！第167次上一次的目标位置为:[208,748]
上一次的跳跃距离为:197.757283
棋子与上次偏差为:4.547775
修正数为:0.022997
修正后的k:2.596856

棋子位置为:[210,751]
目标位置为:[542,557]
跳跃距离为:385.747255
转换系数k为:2.241743
跳完！第168次上一次的目标位置为:[466,704]
上一次的跳跃距离为:385.747255
棋子与上次偏差为:11.777607
修正数为:0.030532
修正后的k:2.272275

棋子位置为:[456,710]
目标位置为:[284,601]
跳跃距离为:208.567326
转换系数k为:2.585422
跳完！第169次上一次的目标位置为:[426,682]
上一次的跳跃距离为:208.567326
棋子与上次偏差为:0.000000
修正数为:0.000000
修正后的k:2.585422

棋子位置为:[426,682]
目标位置为:[323,623]
跳跃距离为:118.485709
转换系数k为:2.711081
跳完！第170次上一次的目标位置为:[260,718]
上一次的跳跃距离为:118.485709
棋子与上次偏差为:13.955753
修正数为:0.117784
修正后的k:2.828865

棋子位置为:[270,726]
目标位置为:[490,587]
跳跃距离为:266.334525
转换系数k为:2.421844
跳完！第171次上一次的目标位置为:[570,766]
上一次的跳跃距离为:266.334525
棋子与上次偏差为:-2.160481
修正数为:-0.008112
修正后的k:2.413733

棋子位置为:[572,765]
目标位置为:[180,540]
跳跃距离为:451.390989
转换系数k为:2.207718
跳完！第172次上一次的目标位置为:[226,738]
上一次的跳跃距离为:451.390989
棋子与上次偏差为:11.863515
修正数为:0.026282
修正后的k:2.234000

棋子位置为:[234,745]
目标位置为:[524,567]
跳跃距离为:345.652113
转换系数k为:2.325146
跳完！第173次上一次的目标位置为:[574,768]
上一次的跳跃距离为:345.652113
棋子与上次偏差为:6.533956
修正数为:0.018903
修正后的k:2.344049

棋子位置为:[570,772]
目标位置为:[175,537]
跳跃距离为:463.180016
转换系数k为:2.220647
跳完！第174次上一次的目标位置为:[470,708]
上一次的跳跃距离为:463.180016
棋子与上次偏差为:4.320963
修正数为:0.009329
修正后的k:2.229976

棋子位置为:[474,710]
目标位置为:[280,598]
跳跃距离为:224.039973
转换系数k为:2.474653
跳完！第175次上一次的目标位置为:[196,756]
上一次的跳跃距离为:224.039973
棋子与上次偏差为:4.320963
修正数为:0.019287
修正后的k:2.493940

棋子位置为:[200,758]
目标位置为:[554,550]
跳跃距离为:412.462701
转换系数k为:2.220974
跳完！第176次上一次的目标位置为:[314,688]
上一次的跳跃距离为:412.462701
棋子与上次偏差为:0.000000
修正数为:0.000000
修正后的k:2.220974

棋子位置为:[314,688]
目标位置为:[436,618]
跳跃距离为:140.458478
转换系数k为:2.726813
跳完！第177次上一次的目标位置为:[480,714]
上一次的跳跃距离为:140.458478
棋子与上次偏差为:-4.320963
修正数为:-0.030763
修正后的k:2.696050

棋子位置为:[484,712]
目标位置为:[269,592]
跳跃距离为:244.199824
转换系数k为:2.435808
跳完！第178次上一次的目标位置为:[194,756]
上一次的跳跃距离为:244.199824
棋子与上次偏差为:12.834941
修正数为:0.052559
修正后的k:2.488367

棋子位置为:[204,763]
目标位置为:[555,549]
跳跃距离为:416.874705
转换系数k为:2.226181
跳完！第179次上一次的目标位置为:[568,764]
上一次的跳跃距离为:416.874705
棋子与上次偏差为:10.710710
修正数为:0.025693
修正后的k:2.251874

棋子位置为:[560,770]
目标位置为:[182,542]
跳跃距离为:446.418877
转换系数k为:2.200000
跳完！第180次上一次的目标位置为:[570,766]
上一次的跳跃距离为:446.418877
棋子与上次偏差为:5.355355
修正数为:0.011996
修正后的k:2.211996

棋子位置为:[574,769]
目标位置为:[180,540]
跳跃距离为:456.548809
转换系数k为:2.200000
跳完！第181次上一次的目标位置为:[474,710]
上一次的跳跃距离为:456.548809
棋子与上次偏差为:7.484776
修正数为:0.016394
修正后的k:2.216394

棋子位置为:[480,714]
目标位置为:[276,595]
跳跃距离为:236.819306
转换系数k为:2.496766
跳完！第182次上一次的目标位置为:[478,712]
上一次的跳跃距离为:236.819306
棋子与上次偏差为:-7.789103
修正数为:-0.032890
修正后的k:2.463875

棋子位置为:[470,709]
目标位置为:[271,593]
跳跃距离为:230.931101
转换系数k为:2.518539
跳完！第183次上一次的目标位置为:[478,712]
上一次的跳跃距离为:230.931101
棋子与上次偏差为:-10.802407
修正数为:-0.046778
修正后的k:2.471761

棋子位置为:[468,707]
目标位置为:[272,593]
跳跃距离为:227.197216
转换系数k为:2.493940
跳完！第184次上一次的目标位置为:[234,734]
上一次的跳跃距离为:227.197216
棋子与上次偏差为:-4.320963
修正数为:-0.019019
修正后的k:2.474921

棋子位置为:[230,732]
目标位置为:[516,571]
跳跃距离为:326.195265
转换系数k为:2.371125
跳完！第185次上一次的目标位置为:[496,722]
上一次的跳跃距离为:326.195265
棋子与上次偏差为:2.160481
修正数为:0.006623
修正后的k:2.377749

棋子位置为:[498,723]
目标位置为:[253,583]
跳跃距离为:281.496425
转换系数k为:2.389943
跳完！第186次上一次的目标位置为:[476,710]
上一次的跳跃距离为:281.496425
棋子与上次偏差为:2.160481
修正数为:0.007675
修正后的k:2.397618

棋子位置为:[474,711]
目标位置为:[274,595]
跳跃距离为:231.506140
转换系数k为:2.471761
跳完！第187次上一次的目标位置为:[500,724]
上一次的跳跃距离为:231.506140
棋子与上次偏差为:10.710710
修正数为:0.046265
修正后的k:2.518027

棋子位置为:[508,730]
目标位置为:[250,581]
跳跃距离为:298.001656
转换系数k为:2.389100
跳完！第188次上一次的目标位置为:[284,706]
上一次的跳跃距离为:298.001656
棋子与上次偏差为:-6.481444
修正数为:-0.021750
修正后的k:2.367350

棋子位置为:[278,703]
目标位置为:[466,600]
跳跃距离为:211.643209
转换系数k为:2.585422
跳完！第189次上一次的目标位置为:[446,694]
上一次的跳跃距离为:211.643209
棋子与上次偏差为:-17.720716
修正数为:-0.083729
修正后的k:2.501693

棋子位置为:[428,687]
目标位置为:[304,612]
跳跃距离为:146.655396
转换系数k为:2.699645
跳完！第190次上一次的目标位置为:[302,694]
上一次的跳跃距离为:146.655396
棋子与上次偏差为:-15.123370
修正数为:-0.103122
修正后的k:2.596523

棋子位置为:[288,687]
目标位置为:[447,611]
跳跃距离为:168.556849
转换系数k为:2.580708
跳完！第191次上一次的目标位置为:[204,752]
上一次的跳跃距离为:168.556849
棋子与上次偏差为:2.160481
修正数为:0.012818
修正后的k:2.593525

棋子位置为:[202,753]
目标位置为:[546,554]
跳跃距离为:397.669316
转换系数k为:2.261983
跳完！第192次上一次的目标位置为:[488,718]
上一次的跳跃距离为:397.669316
棋子与上次偏差为:1.414857
修正数为:0.003558
修正后的k:2.265541

棋子位置为:[488,719]
目标位置为:[262,587]
跳跃距离为:262.526346
转换系数k为:2.413733
跳完！第193次上一次的目标位置为:[478,712]
上一次的跳跃距离为:262.526346
棋子与上次偏差为:-2.160481
修正数为:-0.008230
修正后的k:2.405503

棋子位置为:[476,711]
目标位置为:[271,593]
跳跃距离为:236.392758
转换系数k为:2.463875
跳完！第194次上一次的目标位置为:[184,764]
上一次的跳跃距离为:236.392758
棋子与上次偏差为:3.266978
修正数为:0.013820
修正后的k:2.477695

棋子位置为:[186,766]
目标位置为:[566,542]
跳跃距离为:443.487181
转换系数k为:2.211996
跳完！第195次上一次的目标位置为:[498,724]
上一次的跳跃距离为:443.487181
棋子与上次偏差为:8.641925
修正数为:0.019486
修正后的k:2.231483

棋子位置为:[490,728]
目标位置为:[252,582]
跳跃距离为:283.587811
转换系数k为:2.405744
跳完！第196次上一次的目标位置为:[464,704]
上一次的跳跃距离为:283.587811
棋子与上次偏差为:4.547775
修正数为:0.003522
修正后的k:2.409267

棋子位置为:[466,707]
目标位置为:[286,601]
跳跃距离为:209.966470
转换系数k为:2.501693
跳完！第197次上一次的目标位置为:[218,742]
上一次的跳跃距离为:209.966470
棋子与上次偏差为:6.533956
修正数为:0.031119
修正后的k:2.532812

棋子位置为:[222,746]
目标位置为:[531,563]
跳跃距离为:361.488180
转换系数k为:2.287401
跳完！第198次上一次的目标位置为:[446,694]
上一次的跳跃距离为:361.488180
棋子与上次偏差为:5.355355
修正数为:0.006008
修正后的k:2.293409

棋子位置为:[442,697]
目标位置为:[303,611]
跳跃距离为:166.379788
转换系数k为:2.612507
跳完！第199次上一次的目标位置为:[194,756]
上一次的跳跃距离为:166.379788
棋子与上次偏差为:1.632746
修正数为:0.009813
修正后的k:2.622320

棋子位置为:[192,756]
目标位置为:[555,549]
跳跃距离为:416.647836
转换系数k为:2.251874
跳完！开始准备...准备完成！开始运行
第0次上一次的目标位置为:[224,740]
上一次的跳跃距离为:0.000000
棋子与上次偏差为:0.000000
修正数为:0.000000
修正后的k:2.900000

棋子位置为:[224,740]
目标位置为:[526,566]
跳跃距离为:348.412661
转换系数k为:2.258130
跳完！第1次上一次的目标位置为:[534,744]
上一次的跳跃距离为:348.412661
棋子与上次偏差为:20.318350
修正数为:0.058317
修正后的k:2.316447

棋子位置为:[518,755]
目标位置为:[215,561]
跳跃距离为:369.496957
转换系数k为:2.262080
跳完！第2次上一次的目标位置为:[234,734]
上一次的跳跃距离为:369.496957
棋子与上次偏差为:-2.160481
修正数为:-0.005847
修正后的k:2.256233

棋子位置为:[232,733]
目标位置为:[516,572]
跳跃距离为:325.028585
转换系数k为:2.377749
跳完！第3次上一次的目标位置为:[554,756]
上一次的跳跃距离为:325.028585
棋子与上次偏差为:-7.484776
修正数为:-0.023028
修正后的k:2.354720

棋子位置为:[560,752]
目标位置为:[196,550]
跳跃距离为:412.293844
转换系数k为:2.220974
跳完！第4次上一次的目标位置为:[264,716]
上一次的跳跃距离为:412.293844
棋子与上次偏差为:8.604549
修正数为:0.020870
修正后的k:2.241844

棋子位置为:[270,721]
目标位置为:[486,589]
跳跃距离为:256.854646
转换系数k为:2.424772
跳完！第5次上一次的目标位置为:[454,698]
上一次的跳跃距离为:256.854646
棋子与上次偏差为:-5.656855
修正数为:-0.022024
修正后的k:2.402749

棋子位置为:[460,696]
目标位置为:[295,607]
跳跃距离为:184.393399
转换系数k为:2.599588
跳完！第6次上一次的目标位置为:[554,756]
上一次的跳跃距离为:184.393399
棋子与上次偏差为:-2.160481
修正数为:-0.011717
修正后的k:2.587872

棋子位置为:[552,755]
目标位置为:[196,550]
跳跃距离为:410.599077
转换系数k为:2.241844
跳完！第7次上一次的目标位置为:[254,722]
上一次的跳跃距离为:410.599077
棋子与上次偏差为:9.800934
修正数为:0.023870
修正后的k:2.265714

棋子位置为:[260,728]
目标位置为:[496,583]
跳跃距离为:281.438640
转换系数k为:2.397618
跳完！第8次上一次的目标位置为:[236,734]
上一次的跳跃距离为:281.438640
棋子与上次偏差为:9.628046
修正数为:0.019510
修正后的k:2.417128

棋子位置为:[228,739]
目标位置为:[514,572]
跳跃距离为:332.179072
转换系数k为:2.375068
跳完！第9次上一次的目标位置为:[208,750]
上一次的跳跃距离为:332.179072
棋子与上次偏差为:-2.160481
修正数为:-0.006504
修正后的k:2.368564

棋子位置为:[210,749]
目标位置为:[542,556]
跳跃距离为:384.741783
转换系数k为:2.272275
跳完！开始准备...准备完成！开始运行
第0次上一次的目标位置为:[236,734]
上一次的跳跃距离为:0.000000
棋子与上次偏差为:1.632746
修正数为:0.000000
修正后的k:2.900000

棋子位置为:[234,734]
目标位置为:[514,572]
跳跃距离为:323.707624
转换系数k为:2.354720
跳完！开始准备...开始准备...准备完成！开始运行
第0次上一次的目标位置为:[206,750]
上一次的跳跃距离为:0.000000
棋子与上次偏差为:5.355355
修正数为:0.000000
修正后的k:2.900000

棋子位置为:[210,753]
目标位置为:[544,555]
跳跃距离为:390.931621
转换系数k为:2.238182
跳完！开始准备...开始准备...开始准备...开始准备...准备完成！开始运行
第0次上一次的目标位置为:[306,692]
上一次的跳跃距离为:0.000000
棋子与上次偏差为:7.484776
修正数为:0.000000
修正后的k:2.900000

棋子位置为:[300,696]
目标位置为:[444,613]
跳跃距离为:166.163647
转换系数k为:2.633894
跳完！第1次上一次的目标位置为:[468,706]
上一次的跳跃距离为:166.163647
棋子与上次偏差为:1.632746
修正数为:0.009826
修正后的k:2.643720

棋子位置为:[470,706]
目标位置为:[282,599]
跳跃距离为:215.579169
转换系数k为:2.548130
跳完！第2次上一次的目标位置为:[526,740]
上一次的跳跃距离为:215.579169
棋子与上次偏差为:4.320963
修正数为:0.020044
修正后的k:2.568174

棋子位置为:[530,742]
目标位置为:[224,566]
跳跃距离为:352.722978
转换系数k为:2.307993
跳完！第3次上一次的目标位置为:[230,736]
上一次的跳跃距离为:352.722978
棋子与上次偏差为:0.000000
修正数为:0.000000
修正后的k:2.307993

棋子位置为:[230,736]
目标位置为:[519,570]
跳跃距离为:332.905363
转换系数k为:2.342298
跳完！第4次上一次的目标位置为:[490,720]
上一次的跳跃距离为:332.905363
棋子与上次偏差为:2.160481
修正数为:0.006490
修正后的k:2.348788

棋子位置为:[488,721]
目标位置为:[260,586]
跳跃距离为:266.699627
转换系数k为:2.462367
跳完！第5次上一次的目标位置为:[484,716]
上一次的跳跃距离为:266.699627
棋子与上次偏差为:-13.930547
修正数为:-0.052233
修正后的k:2.410134

棋子位置为:[472,709]
目标位置为:[266,590]
跳跃距离为:237.970344
转换系数k为:2.505249
跳完！第6次上一次的目标位置为:[214,746]
上一次的跳跃距离为:237.970344
棋子与上次偏差为:-2.160481
修正数为:-0.009079
修正后的k:2.496170

棋子位置为:[212,745]
目标位置为:[536,560]
跳跃距离为:372.122460
转换系数k为:2.282264
跳完！第7次上一次的目标位置为:[310,690]
上一次的跳跃距离为:372.122460
棋子与上次偏差为:1.414857
修正数为:0.003802
修正后的k:2.286066

棋子位置为:[310,691]
目标位置为:[439,616]
跳跃距离为:149.502117
转换系数k为:2.659623
跳完！第8次上一次的目标位置为:[232,736]
上一次的跳跃距离为:149.502117
棋子与上次偏差为:-7.484776
修正数为:-0.050065
修正后的k:2.609558

棋子位置为:[238,732]
目标位置为:[518,570]
跳跃距离为:323.707624
转换系数k为:2.359451
跳完！第9次上一次的目标位置为:[232,736]
上一次的跳跃距离为:323.707624
棋子与上次偏差为:0.000000
修正数为:0.000000
修正后的k:2.359451

棋子位置为:[232,736]
目标位置为:[518,570]
跳跃距离为:331.174168
转换系数k为:2.350875
开始准备...准备完成！开始运行
第0次上一次的目标位置为:[232,736]
上一次的跳跃距离为:0.000000
棋子与上次偏差为:0.000000
修正数为:0.000000
修正后的k:2.900000

棋子位置为:[232,736]
目标位置为:[518,570]
跳跃距离为:331.174168
转换系数k为:2.360875
跳完！第1次开始准备...开始准备...开始准备...准备完成！开始运行
第0次上一次的目标位置为:[224,740]
上一次的跳跃距离为:0.000000
棋子与上次偏差为:0.000000
修正数为:0.000000
修正后的k:2.900000

棋子位置为:[224,740]
目标位置为:[526,566]
跳跃距离为:348.412661
转换系数k为:2.326569
跳完！第1次上一次的目标位置为:[536,746]
上一次的跳跃距离为:348.412661
棋子与上次偏差为:-7.484776
修正数为:-0.021483
修正后的k:2.305087

棋子位置为:[542,742]
目标位置为:[214,560]
跳跃距离为:371.495975
转换系数k为:2.292264
跳完！开始准备...开始准备...开始准备...准备完成！开始运行
第0次上一次的目标位置为:[550,754]
上一次的跳跃距离为:0.000000
棋子与上次偏差为:-8.641925
修正数为:0.000000
修正后的k:2.900000

棋子位置为:[542,750]
目标位置为:[200,552]
跳跃距离为:395.514566
转换系数k为:2.249383
开始准备...